"C:\\qnx700\\host\\win64\\x86_64\\usr\\bin\\make.exe" -k CPULIST=arm all --file=C:/Users/sachs/AppData/Local/Temp/QMakefile15356233598358925584343717439506.tmp 
C:/qnx700/host/win64/x86_64/usr/bin/make.exe -j 1 -Carm -fMakefile all
make.exe[1]: Entering directory 'C:/QNX7workspace/05ESP8266_BBB_UART_SPI/ESP8266_BBB_UART_SPI/arm'
C:/qnx700/host/win64/x86_64/usr/bin/make.exe -j 1 -Co-le-v7 -fMakefile all 
make.exe[2]: Entering directory 'C:/QNX7workspace/05ESP8266_BBB_UART_SPI/ESP8266_BBB_UART_SPI/arm/o-le-v7'
C:/qnx700/host/win64/x86_64/usr/bin/qcc -Vgcc_ntoarmv7 -c -Os -Wc,-Wall          -DNDEBUG   -I. -IC:/QNX7workspace/05ESP8266_BBB_UART_SPI/ESP8266_BBB_UART_SPI/arm/o-le-v7 -IC:/QNX7workspace/05ESP8266_BBB_UART_SPI/ESP8266_BBB_UART_SPI/arm -IC:/QNX7workspace/05ESP8266_BBB_UART_SPI/ESP8266_BBB_UART_SPI -IC:/qnx700/target/qnx7/usr/include    -EL         -DVARIANT_le -DVARIANT_v7 -DBUILDENV_qss  C:/QNX7workspace/05ESP8266_BBB_UART_SPI/ESP8266_BBB_UART_SPI/ESP8266_BBB_UART_SPI.c 
C:/qnx700/host/win64/x86_64/usr/bin/rm -f  C:/QNX7workspace/05ESP8266_BBB_UART_SPI/ESP8266_BBB_UART_SPI/arm/o-le-v7/ESP8266_BBB_UART_SPI
C:/qnx700/host/win64/x86_64/usr/bin/qcc -Vgcc_ntoarmv7 -Wl,--no-keep-memory        -o C:/QNX7workspace/05ESP8266_BBB_UART_SPI/ESP8266_BBB_UART_SPI/arm/o-le-v7/ESP8266_BBB_UART_SPI    ESP8266_BBB_UART_SPI.o  -L. -LC:/qnx700/target/qnx7/armle-v7/lib -LC:/qnx700/target/qnx7/armle-v7/usr/lib -Wl,--rpath-link,. -Wl,--rpath-link,C:/qnx700/target/qnx7/armle-v7/lib -Wl,--rpath-link,C:/qnx700/target/qnx7/armle-v7/usr/lib       -EL          
make.exe[2]: Leaving directory 'C:/QNX7workspace/05ESP8266_BBB_UART_SPI/ESP8266_BBB_UART_SPI/arm/o-le-v7'
C:/qnx700/host/win64/x86_64/usr/bin/make.exe -j 1 -Co-le-v7-g -fMakefile all
make.exe[2]: Entering directory 'C:/QNX7workspace/05ESP8266_BBB_UART_SPI/ESP8266_BBB_UART_SPI/arm/o-le-v7-g'
C:/qnx700/host/win64/x86_64/usr/bin/qcc -Vgcc_ntoarmv7 -c  -Wc,-Wall             -I. -IC:/QNX7workspace/05ESP8266_BBB_UART_SPI/ESP8266_BBB_UART_SPI/arm/le.v7 -IC:/QNX7workspace/05ESP8266_BBB_UART_SPI/ESP8266_BBB_UART_SPI/arm/o-le-v7-g -IC:/QNX7workspace/05ESP8266_BBB_UART_SPI/ESP8266_BBB_UART_SPI/arm -IC:/QNX7workspace/05ESP8266_BBB_UART_SPI/ESP8266_BBB_UART_SPI -IC:/qnx700/target/qnx7/usr/include    -EL      -g        -DVARIANT_le -DVARIANT_v7 -DVARIANT_g -DBUILDENV_qss  C:/QNX7workspace/05ESP8266_BBB_UART_SPI/ESP8266_BBB_UART_SPI/ESP8266_BBB_UART_SPI.c 
C:/qnx700/host/win64/x86_64/usr/bin/rm -f  C:/QNX7workspace/05ESP8266_BBB_UART_SPI/ESP8266_BBB_UART_SPI/arm/o-le-v7-g/ESP8266_BBB_UART_SPI_g
C:/qnx700/host/win64/x86_64/usr/bin/qcc -Vgcc_ntoarmv7 -Wl,--no-keep-memory        -o C:/QNX7workspace/05ESP8266_BBB_UART_SPI/ESP8266_BBB_UART_SPI/arm/o-le-v7-g/ESP8266_BBB_UART_SPI_g    ESP8266_BBB_UART_SPI.o  -L. -LC:/qnx700/target/qnx7/armle-v7/lib -LC:/qnx700/target/qnx7/armle-v7/usr/lib -Wl,--rpath-link,. -Wl,--rpath-link,C:/qnx700/target/qnx7/armle-v7/lib -Wl,--rpath-link,C:/qnx700/target/qnx7/armle-v7/usr/lib       -EL      -g         
make.exe[2]: Leaving directory 'C:/QNX7workspace/05ESP8266_BBB_UART_SPI/ESP8266_BBB_UART_SPI/arm/o-le-v7-g'
make.exe[1]: Leaving directory 'C:/QNX7workspace/05ESP8266_BBB_UART_SPI/ESP8266_BBB_UART_SPI/arm'
"C:\\qnx700\\host\\win64\\x86_64\\usr\\bin\\make.exe" -k CPULIST=arm all --file=C:/Users/sachs/AppData/Local/Temp/QMakefile15356233834444983702358690067235.tmp 
C:/qnx700/host/win64/x86_64/usr/bin/make.exe -j 1 -Carm -fMakefile all
make.exe[1]: Entering directory 'C:/QNX7workspace/05ESP8266_BBB_UART_SPI/ESP8266_BBB_UART_SPI/arm'
C:/qnx700/host/win64/x86_64/usr/bin/make.exe -j 1 -Co-le-v7 -fMakefile all 
make.exe[2]: Entering directory 'C:/QNX7workspace/05ESP8266_BBB_UART_SPI/ESP8266_BBB_UART_SPI/arm/o-le-v7'
make.exe[2]: Nothing to be done for 'all'.
make.exe[2]: Leaving directory 'C:/QNX7workspace/05ESP8266_BBB_UART_SPI/ESP8266_BBB_UART_SPI/arm/o-le-v7'
C:/qnx700/host/win64/x86_64/usr/bin/make.exe -j 1 -Co-le-v7-g -fMakefile all
make.exe[2]: Entering directory 'C:/QNX7workspace/05ESP8266_BBB_UART_SPI/ESP8266_BBB_UART_SPI/arm/o-le-v7-g'
make.exe[2]: Nothing to be done for 'all'.
make.exe[2]: Leaving directory 'C:/QNX7workspace/05ESP8266_BBB_UART_SPI/ESP8266_BBB_UART_SPI/arm/o-le-v7-g'
make.exe[1]: Leaving directory 'C:/QNX7workspace/05ESP8266_BBB_UART_SPI/ESP8266_BBB_UART_SPI/arm'
"C:\\qnx700\\host\\win64\\x86_64\\usr\\bin\\make.exe" -k CPULIST=arm all --file=C:/Users/sachs/AppData/Local/Temp/QMakefile15356236857788643594375663934449.tmp 
C:/qnx700/host/win64/x86_64/usr/bin/make.exe -j 1 -Carm -fMakefile all
make.exe[1]: Entering directory 'C:/QNX7workspace/05ESP8266_BBB_UART_SPI/ESP8266_BBB_UART_SPI/arm'
C:/qnx700/host/win64/x86_64/usr/bin/make.exe -j 1 -Co-le-v7 -fMakefile all 
make.exe[2]: Entering directory 'C:/QNX7workspace/05ESP8266_BBB_UART_SPI/ESP8266_BBB_UART_SPI/arm/o-le-v7'
make.exe[2]: Nothing to be done for 'all'.
make.exe[2]: Leaving directory 'C:/QNX7workspace/05ESP8266_BBB_UART_SPI/ESP8266_BBB_UART_SPI/arm/o-le-v7'
C:/qnx700/host/win64/x86_64/usr/bin/make.exe -j 1 -Co-le-v7-g -fMakefile all
make.exe[2]: Entering directory 'C:/QNX7workspace/05ESP8266_BBB_UART_SPI/ESP8266_BBB_UART_SPI/arm/o-le-v7-g'
make.exe[2]: Nothing to be done for 'all'.
make.exe[2]: Leaving directory 'C:/QNX7workspace/05ESP8266_BBB_UART_SPI/ESP8266_BBB_UART_SPI/arm/o-le-v7-g'
make.exe[1]: Leaving directory 'C:/QNX7workspace/05ESP8266_BBB_UART_SPI/ESP8266_BBB_UART_SPI/arm'
"C:\\qnx700\\host\\win64\\x86_64\\usr\\bin\\make.exe" -k CPULIST=arm all --file=C:/Users/sachs/AppData/Local/Temp/QMakefile1535624027606882002510394895913.tmp 
C:/qnx700/host/win64/x86_64/usr/bin/make.exe -j 1 -Carm -fMakefile all
make.exe[1]: Entering directory 'C:/QNX7workspace/05ESP8266_BBB_UART_SPI/ESP8266_BBB_UART_SPI/arm'
C:/qnx700/host/win64/x86_64/usr/bin/make.exe -j 1 -Co-le-v7 -fMakefile all 
make.exe[2]: Entering directory 'C:/QNX7workspace/05ESP8266_BBB_UART_SPI/ESP8266_BBB_UART_SPI/arm/o-le-v7'
C:/qnx700/host/win64/x86_64/usr/bin/qcc -Vgcc_ntoarmv7 -c -Os -Wc,-Wall          -DNDEBUG   -I. -IC:/QNX7workspace/05ESP8266_BBB_UART_SPI/ESP8266_BBB_UART_SPI/arm/o-le-v7 -IC:/QNX7workspace/05ESP8266_BBB_UART_SPI/ESP8266_BBB_UART_SPI/arm -IC:/QNX7workspace/05ESP8266_BBB_UART_SPI/ESP8266_BBB_UART_SPI -IC:/qnx700/target/qnx7/usr/include    -EL         -DVARIANT_le -DVARIANT_v7 -DBUILDENV_qss  C:/QNX7workspace/05ESP8266_BBB_UART_SPI/ESP8266_BBB_UART_SPI/ESP8266_BBB_UART_SPI.c 
C:/QNX7workspace/05ESP8266_BBB_UART_SPI/ESP8266_BBB_UART_SPI/ESP8266_BBB_UART_SPI.c: In function 'Pin_status':
C:/QNX7workspace/05ESP8266_BBB_UART_SPI/ESP8266_BBB_UART_SPI/ESP8266_BBB_UART_SPI.c:108:28: warning: initialization makes integer from pointer without a cast [-Wint-conversion]
     uintptr_t gpio1_base = NULL;
                            ^
C:/QNX7workspace/05ESP8266_BBB_UART_SPI/ESP8266_BBB_UART_SPI/ESP8266_BBB_UART_SPI.c:109:32: warning: initialization makes integer from pointer without a cast [-Wint-conversion]
     uintptr_t control_module = NULL;
                                ^
C:/QNX7workspace/05ESP8266_BBB_UART_SPI/ESP8266_BBB_UART_SPI/ESP8266_BBB_UART_SPI.c:117:15: warning: passing argument 1 of 'in32s' discards 'volatile' qualifier from pointer target type [-Wdiscarded-qualifiers]
         in32s(&val,1,control_module+GPIO_6_pinConfig);
               ^
In file included from C:/qnx700/target/qnx7/usr/include/hw/inout.h:37:0,
                 from C:/QNX7workspace/05ESP8266_BBB_UART_SPI/ESP8266_BBB_UART_SPI/ESP8266_BBB_UART_SPI.c:14:
C:/qnx700/target/qnx7/usr/include/arm/inout.h:106:1: note: expected 'void *' but argument is of type 'volatile uint32_t * {aka volatile unsigned int *}'
 in32s(void *__buff, unsigned __len, _Uintptrt __addr)
 ^
C:/QNX7workspace/05ESP8266_BBB_UART_SPI/ESP8266_BBB_UART_SPI/ESP8266_BBB_UART_SPI.c:120:15: warning: passing argument 1 of 'in32s' discards 'volatile' qualifier from pointer target type [-Wdiscarded-qualifiers]
         in32s(&val,1,control_module+GPIO_7_pinConfig);
               ^
In file included from C:/qnx700/target/qnx7/usr/include/hw/inout.h:37:0,
                 from C:/QNX7workspace/05ESP8266_BBB_UART_SPI/ESP8266_BBB_UART_SPI/ESP8266_BBB_UART_SPI.c:14:
C:/qnx700/target/qnx7/usr/include/arm/inout.h:106:1: note: expected 'void *' but argument is of type 'volatile uint32_t * {aka volatile unsigned int *}'
 in32s(void *__buff, unsigned __len, _Uintptrt __addr)
 ^
C:/QNX7workspace/05ESP8266_BBB_UART_SPI/ESP8266_BBB_UART_SPI/ESP8266_BBB_UART_SPI.c:123:15: warning: passing argument 1 of 'in32s' discards 'volatile' qualifier from pointer target type [-Wdiscarded-qualifiers]
         in32s(&val,1,control_module+spi_cs_1_pinConfig);
               ^
In file included from C:/qnx700/target/qnx7/usr/include/hw/inout.h:37:0,
                 from C:/QNX7workspace/05ESP8266_BBB_UART_SPI/ESP8266_BBB_UART_SPI/ESP8266_BBB_UART_SPI.c:14:
C:/qnx700/target/qnx7/usr/include/arm/inout.h:106:1: note: expected 'void *' but argument is of type 'volatile uint32_t * {aka volatile unsigned int *}'
 in32s(void *__buff, unsigned __len, _Uintptrt __addr)
 ^
C:/QNX7workspace/05ESP8266_BBB_UART_SPI/ESP8266_BBB_UART_SPI/ESP8266_BBB_UART_SPI.c:126:15: warning: passing argument 1 of 'in32s' discards 'volatile' qualifier from pointer target type [-Wdiscarded-qualifiers]
         in32s(&val,1,control_module+spi_d0_1_pinConfig);
               ^
In file included from C:/qnx700/target/qnx7/usr/include/hw/inout.h:37:0,
                 from C:/QNX7workspace/05ESP8266_BBB_UART_SPI/ESP8266_BBB_UART_SPI/ESP8266_BBB_UART_SPI.c:14:
C:/qnx700/target/qnx7/usr/include/arm/inout.h:106:1: note: expected 'void *' but argument is of type 'volatile uint32_t * {aka volatile unsigned int *}'
 in32s(void *__buff, unsigned __len, _Uintptrt __addr)
 ^
C:/QNX7workspace/05ESP8266_BBB_UART_SPI/ESP8266_BBB_UART_SPI/ESP8266_BBB_UART_SPI.c:129:15: warning: passing argument 1 of 'in32s' discards 'volatile' qualifier from pointer target type [-Wdiscarded-qualifiers]
         in32s(&val,1,control_module+spi_d1_1_pinConfig);
               ^
In file included from C:/qnx700/target/qnx7/usr/include/hw/inout.h:37:0,
                 from C:/QNX7workspace/05ESP8266_BBB_UART_SPI/ESP8266_BBB_UART_SPI/ESP8266_BBB_UART_SPI.c:14:
C:/qnx700/target/qnx7/usr/include/arm/inout.h:106:1: note: expected 'void *' but argument is of type 'volatile uint32_t * {aka volatile unsigned int *}'
 in32s(void *__buff, unsigned __len, _Uintptrt __addr)
 ^
C:/QNX7workspace/05ESP8266_BBB_UART_SPI/ESP8266_BBB_UART_SPI/ESP8266_BBB_UART_SPI.c:132:15: warning: passing argument 1 of 'in32s' discards 'volatile' qualifier from pointer target type [-Wdiscarded-qualifiers]
         in32s(&val,1,control_module+spi_sclk_1_pinConfig);
               ^
In file included from C:/qnx700/target/qnx7/usr/include/hw/inout.h:37:0,
                 from C:/QNX7workspace/05ESP8266_BBB_UART_SPI/ESP8266_BBB_UART_SPI/ESP8266_BBB_UART_SPI.c:14:
C:/qnx700/target/qnx7/usr/include/arm/inout.h:106:1: note: expected 'void *' but argument is of type 'volatile uint32_t * {aka volatile unsigned int *}'
 in32s(void *__buff, unsigned __len, _Uintptrt __addr)
 ^
C:/QNX7workspace/05ESP8266_BBB_UART_SPI/ESP8266_BBB_UART_SPI/ESP8266_BBB_UART_SPI.c:135:15: warning: passing argument 1 of 'in32s' discards 'volatile' qualifier from pointer target type [-Wdiscarded-qualifiers]
         in32s(&val,1,control_module+uart1_ctsn_pinConfig);
               ^
In file included from C:/qnx700/target/qnx7/usr/include/hw/inout.h:37:0,
                 from C:/QNX7workspace/05ESP8266_BBB_UART_SPI/ESP8266_BBB_UART_SPI/ESP8266_BBB_UART_SPI.c:14:
C:/qnx700/target/qnx7/usr/include/arm/inout.h:106:1: note: expected 'void *' but argument is of type 'volatile uint32_t * {aka volatile unsigned int *}'
 in32s(void *__buff, unsigned __len, _Uintptrt __addr)
 ^
C:/QNX7workspace/05ESP8266_BBB_UART_SPI/ESP8266_BBB_UART_SPI/ESP8266_BBB_UART_SPI.c:138:15: warning: passing argument 1 of 'in32s' discards 'volatile' qualifier from pointer target type [-Wdiscarded-qualifiers]
         in32s(&val,1,control_module+uart1_rtsn_pinConfig);
               ^
In file included from C:/qnx700/target/qnx7/usr/include/hw/inout.h:37:0,
                 from C:/QNX7workspace/05ESP8266_BBB_UART_SPI/ESP8266_BBB_UART_SPI/ESP8266_BBB_UART_SPI.c:14:
C:/qnx700/target/qnx7/usr/include/arm/inout.h:106:1: note: expected 'void *' but argument is of type 'volatile uint32_t * {aka volatile unsigned int *}'
 in32s(void *__buff, unsigned __len, _Uintptrt __addr)
 ^
C:/QNX7workspace/05ESP8266_BBB_UART_SPI/ESP8266_BBB_UART_SPI/ESP8266_BBB_UART_SPI.c:141:15: warning: passing argument 1 of 'in32s' discards 'volatile' qualifier from pointer target type [-Wdiscarded-qualifiers]
         in32s(&val,1,control_module+uart1_rxd_pinConfig);
               ^
In file included from C:/qnx700/target/qnx7/usr/include/hw/inout.h:37:0,
                 from C:/QNX7workspace/05ESP8266_BBB_UART_SPI/ESP8266_BBB_UART_SPI/ESP8266_BBB_UART_SPI.c:14:
C:/qnx700/target/qnx7/usr/include/arm/inout.h:106:1: note: expected 'void *' but argument is of type 'volatile uint32_t * {aka volatile unsigned int *}'
 in32s(void *__buff, unsigned __len, _Uintptrt __addr)
 ^
C:/QNX7workspace/05ESP8266_BBB_UART_SPI/ESP8266_BBB_UART_SPI/ESP8266_BBB_UART_SPI.c:144:15: warning: passing argument 1 of 'in32s' discards 'volatile' qualifier from pointer target type [-Wdiscarded-qualifiers]
         in32s(&val,1,control_module+uart1_txd_pinConfig);
               ^
In file included from C:/qnx700/target/qnx7/usr/include/hw/inout.h:37:0,
                 from C:/QNX7workspace/05ESP8266_BBB_UART_SPI/ESP8266_BBB_UART_SPI/ESP8266_BBB_UART_SPI.c:14:
C:/qnx700/target/qnx7/usr/include/arm/inout.h:106:1: note: expected 'void *' but argument is of type 'volatile uint32_t * {aka volatile unsigned int *}'
 in32s(void *__buff, unsigned __len, _Uintptrt __addr)
 ^
C:/QNX7workspace/05ESP8266_BBB_UART_SPI/ESP8266_BBB_UART_SPI/ESP8266_BBB_UART_SPI.c: In function 'Pin_control':
C:/QNX7workspace/05ESP8266_BBB_UART_SPI/ESP8266_BBB_UART_SPI/ESP8266_BBB_UART_SPI.c:185:15: warning: unused variable 'gpio1_base' [-Wunused-variable]
     uintptr_t gpio1_base = mmap_device_io(AM335X_GPIO_SIZE , AM335X_GPIO1_BASE);
               ^
C:/QNX7workspace/05ESP8266_BBB_UART_SPI/ESP8266_BBB_UART_SPI/ESP8266_BBB_UART_SPI.c: In function 'main':
C:/QNX7workspace/05ESP8266_BBB_UART_SPI/ESP8266_BBB_UART_SPI/ESP8266_BBB_UART_SPI.c:316:10: warning: unused variable 'char_counter' [-Wunused-variable]
     char char_counter[5];
          ^
C:/QNX7workspace/05ESP8266_BBB_UART_SPI/ESP8266_BBB_UART_SPI/ESP8266_BBB_UART_SPI.c:315:9: warning: unused variable 'int_counter' [-Wunused-variable]
     int int_counter = 0;
         ^
C:/QNX7workspace/05ESP8266_BBB_UART_SPI/ESP8266_BBB_UART_SPI/ESP8266_BBB_UART_SPI.c:314:9: warning: unused variable 'p' [-Wunused-variable]
     int p = 1;
         ^
C:/QNX7workspace/05ESP8266_BBB_UART_SPI/ESP8266_BBB_UART_SPI/ESP8266_BBB_UART_SPI.c: In function 'spisetcfg':
C:/QNX7workspace/05ESP8266_BBB_UART_SPI/ESP8266_BBB_UART_SPI/ESP8266_BBB_UART_SPI.c:229:1: warning: control reaches end of non-void function [-Wreturn-type]
 }
 ^
C:/QNX7workspace/05ESP8266_BBB_UART_SPI/ESP8266_BBB_UART_SPI/ESP8266_BBB_UART_SPI.c: In function 'spigetdevinfo':
C:/QNX7workspace/05ESP8266_BBB_UART_SPI/ESP8266_BBB_UART_SPI/ESP8266_BBB_UART_SPI.c:246:1: warning: control reaches end of non-void function [-Wreturn-type]
 }
 ^
C:/QNX7workspace/05ESP8266_BBB_UART_SPI/ESP8266_BBB_UART_SPI/ESP8266_BBB_UART_SPI.c: In function 'spiwrite':
C:/QNX7workspace/05ESP8266_BBB_UART_SPI/ESP8266_BBB_UART_SPI/ESP8266_BBB_UART_SPI.c:293:1: warning: control reaches end of non-void function [-Wreturn-type]
 }
 ^
C:/QNX7workspace/05ESP8266_BBB_UART_SPI/ESP8266_BBB_UART_SPI/ESP8266_BBB_UART_SPI.c: In function 'spiclose':
C:/QNX7workspace/05ESP8266_BBB_UART_SPI/ESP8266_BBB_UART_SPI/ESP8266_BBB_UART_SPI.c:298:1: warning: control reaches end of non-void function [-Wreturn-type]
 }
 ^
C:/QNX7workspace/05ESP8266_BBB_UART_SPI/ESP8266_BBB_UART_SPI/ESP8266_BBB_UART_SPI.c: In function 'spiwrite':
C:/QNX7workspace/05ESP8266_BBB_UART_SPI/ESP8266_BBB_UART_SPI/ESP8266_BBB_UART_SPI.c:263:29: warning: array subscript is above array bounds [-Warray-bounds]
             buffer[7] = reg1[7];
                             ^
C:/qnx700/host/win64/x86_64/usr/bin/rm -f  C:/QNX7workspace/05ESP8266_BBB_UART_SPI/ESP8266_BBB_UART_SPI/arm/o-le-v7/ESP8266_BBB_UART_SPI
C:/qnx700/host/win64/x86_64/usr/bin/qcc -Vgcc_ntoarmv7 -Wl,--no-keep-memory        -o C:/QNX7workspace/05ESP8266_BBB_UART_SPI/ESP8266_BBB_UART_SPI/arm/o-le-v7/ESP8266_BBB_UART_SPI    ESP8266_BBB_UART_SPI.o  -L. -LC:/qnx700/target/qnx7/armle-v7/lib -LC:/qnx700/target/qnx7/armle-v7/usr/lib -Wl,--rpath-link,. -Wl,--rpath-link,C:/qnx700/target/qnx7/armle-v7/lib -Wl,--rpath-link,C:/qnx700/target/qnx7/armle-v7/usr/lib       -lc    -lsocket    -lspi-master   -EL          
make.exe[2]: Leaving directory 'C:/QNX7workspace/05ESP8266_BBB_UART_SPI/ESP8266_BBB_UART_SPI/arm/o-le-v7'
C:/qnx700/host/win64/x86_64/usr/bin/make.exe -j 1 -Co-le-v7-g -fMakefile all
make.exe[2]: Entering directory 'C:/QNX7workspace/05ESP8266_BBB_UART_SPI/ESP8266_BBB_UART_SPI/arm/o-le-v7-g'
C:/qnx700/host/win64/x86_64/usr/bin/qcc -Vgcc_ntoarmv7 -c  -Wc,-Wall             -I. -IC:/QNX7workspace/05ESP8266_BBB_UART_SPI/ESP8266_BBB_UART_SPI/arm/le.v7 -IC:/QNX7workspace/05ESP8266_BBB_UART_SPI/ESP8266_BBB_UART_SPI/arm/o-le-v7-g -IC:/QNX7workspace/05ESP8266_BBB_UART_SPI/ESP8266_BBB_UART_SPI/arm -IC:/QNX7workspace/05ESP8266_BBB_UART_SPI/ESP8266_BBB_UART_SPI -IC:/qnx700/target/qnx7/usr/include    -EL      -g        -DVARIANT_le -DVARIANT_v7 -DVARIANT_g -DBUILDENV_qss  C:/QNX7workspace/05ESP8266_BBB_UART_SPI/ESP8266_BBB_UART_SPI/ESP8266_BBB_UART_SPI.c 
C:/QNX7workspace/05ESP8266_BBB_UART_SPI/ESP8266_BBB_UART_SPI/ESP8266_BBB_UART_SPI.c: In function 'Pin_status':
C:/QNX7workspace/05ESP8266_BBB_UART_SPI/ESP8266_BBB_UART_SPI/ESP8266_BBB_UART_SPI.c:108:28: warning: initialization makes integer from pointer without a cast [-Wint-conversion]
     uintptr_t gpio1_base = NULL;
                            ^
C:/QNX7workspace/05ESP8266_BBB_UART_SPI/ESP8266_BBB_UART_SPI/ESP8266_BBB_UART_SPI.c:109:32: warning: initialization makes integer from pointer without a cast [-Wint-conversion]
     uintptr_t control_module = NULL;
                                ^
C:/QNX7workspace/05ESP8266_BBB_UART_SPI/ESP8266_BBB_UART_SPI/ESP8266_BBB_UART_SPI.c:117:15: warning: passing argument 1 of 'in32s' discards 'volatile' qualifier from pointer target type [-Wdiscarded-qualifiers]
         in32s(&val,1,control_module+GPIO_6_pinConfig);
               ^
In file included from C:/qnx700/target/qnx7/usr/include/hw/inout.h:37:0,
                 from C:/QNX7workspace/05ESP8266_BBB_UART_SPI/ESP8266_BBB_UART_SPI/ESP8266_BBB_UART_SPI.c:14:
C:/qnx700/target/qnx7/usr/include/arm/inout.h:106:1: note: expected 'void *' but argument is of type 'volatile uint32_t * {aka volatile unsigned int *}'
 in32s(void *__buff, unsigned __len, _Uintptrt __addr)
 ^
C:/QNX7workspace/05ESP8266_BBB_UART_SPI/ESP8266_BBB_UART_SPI/ESP8266_BBB_UART_SPI.c:120:15: warning: passing argument 1 of 'in32s' discards 'volatile' qualifier from pointer target type [-Wdiscarded-qualifiers]
         in32s(&val,1,control_module+GPIO_7_pinConfig);
               ^
In file included from C:/qnx700/target/qnx7/usr/include/hw/inout.h:37:0,
                 from C:/QNX7workspace/05ESP8266_BBB_UART_SPI/ESP8266_BBB_UART_SPI/ESP8266_BBB_UART_SPI.c:14:
C:/qnx700/target/qnx7/usr/include/arm/inout.h:106:1: note: expected 'void *' but argument is of type 'volatile uint32_t * {aka volatile unsigned int *}'
 in32s(void *__buff, unsigned __len, _Uintptrt __addr)
 ^
C:/QNX7workspace/05ESP8266_BBB_UART_SPI/ESP8266_BBB_UART_SPI/ESP8266_BBB_UART_SPI.c:123:15: warning: passing argument 1 of 'in32s' discards 'volatile' qualifier from pointer target type [-Wdiscarded-qualifiers]
         in32s(&val,1,control_module+spi_cs_1_pinConfig);
               ^
In file included from C:/qnx700/target/qnx7/usr/include/hw/inout.h:37:0,
                 from C:/QNX7workspace/05ESP8266_BBB_UART_SPI/ESP8266_BBB_UART_SPI/ESP8266_BBB_UART_SPI.c:14:
C:/qnx700/target/qnx7/usr/include/arm/inout.h:106:1: note: expected 'void *' but argument is of type 'volatile uint32_t * {aka volatile unsigned int *}'
 in32s(void *__buff, unsigned __len, _Uintptrt __addr)
 ^
C:/QNX7workspace/05ESP8266_BBB_UART_SPI/ESP8266_BBB_UART_SPI/ESP8266_BBB_UART_SPI.c:126:15: warning: passing argument 1 of 'in32s' discards 'volatile' qualifier from pointer target type [-Wdiscarded-qualifiers]
         in32s(&val,1,control_module+spi_d0_1_pinConfig);
               ^
In file included from C:/qnx700/target/qnx7/usr/include/hw/inout.h:37:0,
                 from C:/QNX7workspace/05ESP8266_BBB_UART_SPI/ESP8266_BBB_UART_SPI/ESP8266_BBB_UART_SPI.c:14:
C:/qnx700/target/qnx7/usr/include/arm/inout.h:106:1: note: expected 'void *' but argument is of type 'volatile uint32_t * {aka volatile unsigned int *}'
 in32s(void *__buff, unsigned __len, _Uintptrt __addr)
 ^
C:/QNX7workspace/05ESP8266_BBB_UART_SPI/ESP8266_BBB_UART_SPI/ESP8266_BBB_UART_SPI.c:129:15: warning: passing argument 1 of 'in32s' discards 'volatile' qualifier from pointer target type [-Wdiscarded-qualifiers]
         in32s(&val,1,control_module+spi_d1_1_pinConfig);
               ^
In file included from C:/qnx700/target/qnx7/usr/include/hw/inout.h:37:0,
                 from C:/QNX7workspace/05ESP8266_BBB_UART_SPI/ESP8266_BBB_UART_SPI/ESP8266_BBB_UART_SPI.c:14:
C:/qnx700/target/qnx7/usr/include/arm/inout.h:106:1: note: expected 'void *' but argument is of type 'volatile uint32_t * {aka volatile unsigned int *}'
 in32s(void *__buff, unsigned __len, _Uintptrt __addr)
 ^
C:/QNX7workspace/05ESP8266_BBB_UART_SPI/ESP8266_BBB_UART_SPI/ESP8266_BBB_UART_SPI.c:132:15: warning: passing argument 1 of 'in32s' discards 'volatile' qualifier from pointer target type [-Wdiscarded-qualifiers]
         in32s(&val,1,control_module+spi_sclk_1_pinConfig);
               ^
In file included from C:/qnx700/target/qnx7/usr/include/hw/inout.h:37:0,
                 from C:/QNX7workspace/05ESP8266_BBB_UART_SPI/ESP8266_BBB_UART_SPI/ESP8266_BBB_UART_SPI.c:14:
C:/qnx700/target/qnx7/usr/include/arm/inout.h:106:1: note: expected 'void *' but argument is of type 'volatile uint32_t * {aka volatile unsigned int *}'
 in32s(void *__buff, unsigned __len, _Uintptrt __addr)
 ^
C:/QNX7workspace/05ESP8266_BBB_UART_SPI/ESP8266_BBB_UART_SPI/ESP8266_BBB_UART_SPI.c:135:15: warning: passing argument 1 of 'in32s' discards 'volatile' qualifier from pointer target type [-Wdiscarded-qualifiers]
         in32s(&val,1,control_module+uart1_ctsn_pinConfig);
               ^
In file included from C:/qnx700/target/qnx7/usr/include/hw/inout.h:37:0,
                 from C:/QNX7workspace/05ESP8266_BBB_UART_SPI/ESP8266_BBB_UART_SPI/ESP8266_BBB_UART_SPI.c:14:
C:/qnx700/target/qnx7/usr/include/arm/inout.h:106:1: note: expected 'void *' but argument is of type 'volatile uint32_t * {aka volatile unsigned int *}'
 in32s(void *__buff, unsigned __len, _Uintptrt __addr)
 ^
C:/QNX7workspace/05ESP8266_BBB_UART_SPI/ESP8266_BBB_UART_SPI/ESP8266_BBB_UART_SPI.c:138:15: warning: passing argument 1 of 'in32s' discards 'volatile' qualifier from pointer target type [-Wdiscarded-qualifiers]
         in32s(&val,1,control_module+uart1_rtsn_pinConfig);
               ^
In file included from C:/qnx700/target/qnx7/usr/include/hw/inout.h:37:0,
                 from C:/QNX7workspace/05ESP8266_BBB_UART_SPI/ESP8266_BBB_UART_SPI/ESP8266_BBB_UART_SPI.c:14:
C:/qnx700/target/qnx7/usr/include/arm/inout.h:106:1: note: expected 'void *' but argument is of type 'volatile uint32_t * {aka volatile unsigned int *}'
 in32s(void *__buff, unsigned __len, _Uintptrt __addr)
 ^
C:/QNX7workspace/05ESP8266_BBB_UART_SPI/ESP8266_BBB_UART_SPI/ESP8266_BBB_UART_SPI.c:141:15: warning: passing argument 1 of 'in32s' discards 'volatile' qualifier from pointer target type [-Wdiscarded-qualifiers]
         in32s(&val,1,control_module+uart1_rxd_pinConfig);
               ^
In file included from C:/qnx700/target/qnx7/usr/include/hw/inout.h:37:0,
                 from C:/QNX7workspace/05ESP8266_BBB_UART_SPI/ESP8266_BBB_UART_SPI/ESP8266_BBB_UART_SPI.c:14:
C:/qnx700/target/qnx7/usr/include/arm/inout.h:106:1: note: expected 'void *' but argument is of type 'volatile uint32_t * {aka volatile unsigned int *}'
 in32s(void *__buff, unsigned __len, _Uintptrt __addr)
 ^
C:/QNX7workspace/05ESP8266_BBB_UART_SPI/ESP8266_BBB_UART_SPI/ESP8266_BBB_UART_SPI.c:144:15: warning: passing argument 1 of 'in32s' discards 'volatile' qualifier from pointer target type [-Wdiscarded-qualifiers]
         in32s(&val,1,control_module+uart1_txd_pinConfig);
               ^
In file included from C:/qnx700/target/qnx7/usr/include/hw/inout.h:37:0,
                 from C:/QNX7workspace/05ESP8266_BBB_UART_SPI/ESP8266_BBB_UART_SPI/ESP8266_BBB_UART_SPI.c:14:
C:/qnx700/target/qnx7/usr/include/arm/inout.h:106:1: note: expected 'void *' but argument is of type 'volatile uint32_t * {aka volatile unsigned int *}'
 in32s(void *__buff, unsigned __len, _Uintptrt __addr)
 ^
C:/QNX7workspace/05ESP8266_BBB_UART_SPI/ESP8266_BBB_UART_SPI/ESP8266_BBB_UART_SPI.c: In function 'Pin_control':
C:/QNX7workspace/05ESP8266_BBB_UART_SPI/ESP8266_BBB_UART_SPI/ESP8266_BBB_UART_SPI.c:185:15: warning: unused variable 'gpio1_base' [-Wunused-variable]
     uintptr_t gpio1_base = mmap_device_io(AM335X_GPIO_SIZE , AM335X_GPIO1_BASE);
               ^
C:/QNX7workspace/05ESP8266_BBB_UART_SPI/ESP8266_BBB_UART_SPI/ESP8266_BBB_UART_SPI.c: In function 'main':
C:/QNX7workspace/05ESP8266_BBB_UART_SPI/ESP8266_BBB_UART_SPI/ESP8266_BBB_UART_SPI.c:316:10: warning: unused variable 'char_counter' [-Wunused-variable]
     char char_counter[5];
          ^
C:/QNX7workspace/05ESP8266_BBB_UART_SPI/ESP8266_BBB_UART_SPI/ESP8266_BBB_UART_SPI.c:315:9: warning: unused variable 'int_counter' [-Wunused-variable]
     int int_counter = 0;
         ^
C:/QNX7workspace/05ESP8266_BBB_UART_SPI/ESP8266_BBB_UART_SPI/ESP8266_BBB_UART_SPI.c:314:9: warning: unused variable 'p' [-Wunused-variable]
     int p = 1;
         ^
C:/QNX7workspace/05ESP8266_BBB_UART_SPI/ESP8266_BBB_UART_SPI/ESP8266_BBB_UART_SPI.c: In function 'spisetcfg':
C:/QNX7workspace/05ESP8266_BBB_UART_SPI/ESP8266_BBB_UART_SPI/ESP8266_BBB_UART_SPI.c:229:1: warning: control reaches end of non-void function [-Wreturn-type]
 }
 ^
C:/QNX7workspace/05ESP8266_BBB_UART_SPI/ESP8266_BBB_UART_SPI/ESP8266_BBB_UART_SPI.c: In function 'spigetdevinfo':
C:/QNX7workspace/05ESP8266_BBB_UART_SPI/ESP8266_BBB_UART_SPI/ESP8266_BBB_UART_SPI.c:246:1: warning: control reaches end of non-void function [-Wreturn-type]
 }
 ^
C:/QNX7workspace/05ESP8266_BBB_UART_SPI/ESP8266_BBB_UART_SPI/ESP8266_BBB_UART_SPI.c: In function 'spiwrite':
C:/QNX7workspace/05ESP8266_BBB_UART_SPI/ESP8266_BBB_UART_SPI/ESP8266_BBB_UART_SPI.c:293:1: warning: control reaches end of non-void function [-Wreturn-type]
 }
 ^
C:/QNX7workspace/05ESP8266_BBB_UART_SPI/ESP8266_BBB_UART_SPI/ESP8266_BBB_UART_SPI.c: In function 'spiclose':
C:/QNX7workspace/05ESP8266_BBB_UART_SPI/ESP8266_BBB_UART_SPI/ESP8266_BBB_UART_SPI.c:298:1: warning: control reaches end of non-void function [-Wreturn-type]
 }
 ^
C:/qnx700/host/win64/x86_64/usr/bin/rm -f  C:/QNX7workspace/05ESP8266_BBB_UART_SPI/ESP8266_BBB_UART_SPI/arm/o-le-v7-g/ESP8266_BBB_UART_SPI_g
C:/qnx700/host/win64/x86_64/usr/bin/qcc -Vgcc_ntoarmv7 -Wl,--no-keep-memory        -o C:/QNX7workspace/05ESP8266_BBB_UART_SPI/ESP8266_BBB_UART_SPI/arm/o-le-v7-g/ESP8266_BBB_UART_SPI_g    ESP8266_BBB_UART_SPI.o  -L. -LC:/qnx700/target/qnx7/armle-v7/lib -LC:/qnx700/target/qnx7/armle-v7/usr/lib -Wl,--rpath-link,. -Wl,--rpath-link,C:/qnx700/target/qnx7/armle-v7/lib -Wl,--rpath-link,C:/qnx700/target/qnx7/armle-v7/usr/lib       -lc    -lsocket    -lspi-master   -EL      -g         
make.exe[2]: Leaving directory 'C:/QNX7workspace/05ESP8266_BBB_UART_SPI/ESP8266_BBB_UART_SPI/arm/o-le-v7-g'
make.exe[1]: Leaving directory 'C:/QNX7workspace/05ESP8266_BBB_UART_SPI/ESP8266_BBB_UART_SPI/arm'
"C:\\qnx700\\host\\win64\\x86_64\\usr\\bin\\make.exe" -k CPULIST=arm all --file=C:/Users/sachs/AppData/Local/Temp/QMakefile15356240338442830163452572529147.tmp 
C:/qnx700/host/win64/x86_64/usr/bin/make.exe -j 1 -Carm -fMakefile all
make.exe[1]: Entering directory 'C:/QNX7workspace/05ESP8266_BBB_UART_SPI/ESP8266_BBB_UART_SPI/arm'
C:/qnx700/host/win64/x86_64/usr/bin/make.exe -j 1 -Co-le-v7 -fMakefile all 
make.exe[2]: Entering directory 'C:/QNX7workspace/05ESP8266_BBB_UART_SPI/ESP8266_BBB_UART_SPI/arm/o-le-v7'
make.exe[2]: Nothing to be done for 'all'.
make.exe[2]: Leaving directory 'C:/QNX7workspace/05ESP8266_BBB_UART_SPI/ESP8266_BBB_UART_SPI/arm/o-le-v7'
C:/qnx700/host/win64/x86_64/usr/bin/make.exe -j 1 -Co-le-v7-g -fMakefile all
make.exe[2]: Entering directory 'C:/QNX7workspace/05ESP8266_BBB_UART_SPI/ESP8266_BBB_UART_SPI/arm/o-le-v7-g'
make.exe[2]: Nothing to be done for 'all'.
make.exe[2]: Leaving directory 'C:/QNX7workspace/05ESP8266_BBB_UART_SPI/ESP8266_BBB_UART_SPI/arm/o-le-v7-g'
make.exe[1]: Leaving directory 'C:/QNX7workspace/05ESP8266_BBB_UART_SPI/ESP8266_BBB_UART_SPI/arm'
"C:\\qnx700\\host\\win64\\x86_64\\usr\\bin\\make.exe" -k CPULIST=arm all --file=C:/Users/sachs/AppData/Local/Temp/QMakefile15356240530583052969086970792287.tmp 
C:/qnx700/host/win64/x86_64/usr/bin/make.exe -j 1 -Carm -fMakefile all
make.exe[1]: Entering directory 'C:/QNX7workspace/05ESP8266_BBB_UART_SPI/ESP8266_BBB_UART_SPI/arm'
C:/qnx700/host/win64/x86_64/usr/bin/make.exe -j 1 -Co-le-v7 -fMakefile all 
make.exe[2]: Entering directory 'C:/QNX7workspace/05ESP8266_BBB_UART_SPI/ESP8266_BBB_UART_SPI/arm/o-le-v7'
C:/qnx700/host/win64/x86_64/usr/bin/qcc -Vgcc_ntoarmv7 -c -Os -Wc,-Wall          -DNDEBUG   -I. -IC:/QNX7workspace/05ESP8266_BBB_UART_SPI/ESP8266_BBB_UART_SPI/arm/o-le-v7 -IC:/QNX7workspace/05ESP8266_BBB_UART_SPI/ESP8266_BBB_UART_SPI/arm -IC:/QNX7workspace/05ESP8266_BBB_UART_SPI/ESP8266_BBB_UART_SPI -IC:/qnx700/target/qnx7/usr/include    -EL         -DVARIANT_le -DVARIANT_v7 -DBUILDENV_qss  C:/QNX7workspace/05ESP8266_BBB_UART_SPI/ESP8266_BBB_UART_SPI/ESP8266_BBB_UART_SPI.c 
C:/QNX7workspace/05ESP8266_BBB_UART_SPI/ESP8266_BBB_UART_SPI/ESP8266_BBB_UART_SPI.c: In function 'Pin_status':
C:/QNX7workspace/05ESP8266_BBB_UART_SPI/ESP8266_BBB_UART_SPI/ESP8266_BBB_UART_SPI.c:108:28: warning: initialization makes integer from pointer without a cast [-Wint-conversion]
     uintptr_t gpio1_base = NULL;
                            ^
C:/QNX7workspace/05ESP8266_BBB_UART_SPI/ESP8266_BBB_UART_SPI/ESP8266_BBB_UART_SPI.c:109:32: warning: initialization makes integer from pointer without a cast [-Wint-conversion]
     uintptr_t control_module = NULL;
                                ^
C:/QNX7workspace/05ESP8266_BBB_UART_SPI/ESP8266_BBB_UART_SPI/ESP8266_BBB_UART_SPI.c:117:15: warning: passing argument 1 of 'in32s' discards 'volatile' qualifier from pointer target type [-Wdiscarded-qualifiers]
         in32s(&val,1,control_module+GPIO_6_pinConfig);
               ^
In file included from C:/qnx700/target/qnx7/usr/include/hw/inout.h:37:0,
                 from C:/QNX7workspace/05ESP8266_BBB_UART_SPI/ESP8266_BBB_UART_SPI/ESP8266_BBB_UART_SPI.c:14:
C:/qnx700/target/qnx7/usr/include/arm/inout.h:106:1: note: expected 'void *' but argument is of type 'volatile uint32_t * {aka volatile unsigned int *}'
 in32s(void *__buff, unsigned __len, _Uintptrt __addr)
 ^
C:/QNX7workspace/05ESP8266_BBB_UART_SPI/ESP8266_BBB_UART_SPI/ESP8266_BBB_UART_SPI.c:120:15: warning: passing argument 1 of 'in32s' discards 'volatile' qualifier from pointer target type [-Wdiscarded-qualifiers]
         in32s(&val,1,control_module+GPIO_7_pinConfig);
               ^
In file included from C:/qnx700/target/qnx7/usr/include/hw/inout.h:37:0,
                 from C:/QNX7workspace/05ESP8266_BBB_UART_SPI/ESP8266_BBB_UART_SPI/ESP8266_BBB_UART_SPI.c:14:
C:/qnx700/target/qnx7/usr/include/arm/inout.h:106:1: note: expected 'void *' but argument is of type 'volatile uint32_t * {aka volatile unsigned int *}'
 in32s(void *__buff, unsigned __len, _Uintptrt __addr)
 ^
C:/QNX7workspace/05ESP8266_BBB_UART_SPI/ESP8266_BBB_UART_SPI/ESP8266_BBB_UART_SPI.c:123:15: warning: passing argument 1 of 'in32s' discards 'volatile' qualifier from pointer target type [-Wdiscarded-qualifiers]
         in32s(&val,1,control_module+spi_cs_1_pinConfig);
               ^
In file included from C:/qnx700/target/qnx7/usr/include/hw/inout.h:37:0,
                 from C:/QNX7workspace/05ESP8266_BBB_UART_SPI/ESP8266_BBB_UART_SPI/ESP8266_BBB_UART_SPI.c:14:
C:/qnx700/target/qnx7/usr/include/arm/inout.h:106:1: note: expected 'void *' but argument is of type 'volatile uint32_t * {aka volatile unsigned int *}'
 in32s(void *__buff, unsigned __len, _Uintptrt __addr)
 ^
C:/QNX7workspace/05ESP8266_BBB_UART_SPI/ESP8266_BBB_UART_SPI/ESP8266_BBB_UART_SPI.c:126:15: warning: passing argument 1 of 'in32s' discards 'volatile' qualifier from pointer target type [-Wdiscarded-qualifiers]
         in32s(&val,1,control_module+spi_d0_1_pinConfig);
               ^
In file included from C:/qnx700/target/qnx7/usr/include/hw/inout.h:37:0,
                 from C:/QNX7workspace/05ESP8266_BBB_UART_SPI/ESP8266_BBB_UART_SPI/ESP8266_BBB_UART_SPI.c:14:
C:/qnx700/target/qnx7/usr/include/arm/inout.h:106:1: note: expected 'void *' but argument is of type 'volatile uint32_t * {aka volatile unsigned int *}'
 in32s(void *__buff, unsigned __len, _Uintptrt __addr)
 ^
C:/QNX7workspace/05ESP8266_BBB_UART_SPI/ESP8266_BBB_UART_SPI/ESP8266_BBB_UART_SPI.c:129:15: warning: passing argument 1 of 'in32s' discards 'volatile' qualifier from pointer target type [-Wdiscarded-qualifiers]
         in32s(&val,1,control_module+spi_d1_1_pinConfig);
               ^
In file included from C:/qnx700/target/qnx7/usr/include/hw/inout.h:37:0,
                 from C:/QNX7workspace/05ESP8266_BBB_UART_SPI/ESP8266_BBB_UART_SPI/ESP8266_BBB_UART_SPI.c:14:
C:/qnx700/target/qnx7/usr/include/arm/inout.h:106:1: note: expected 'void *' but argument is of type 'volatile uint32_t * {aka volatile unsigned int *}'
 in32s(void *__buff, unsigned __len, _Uintptrt __addr)
 ^
C:/QNX7workspace/05ESP8266_BBB_UART_SPI/ESP8266_BBB_UART_SPI/ESP8266_BBB_UART_SPI.c:132:15: warning: passing argument 1 of 'in32s' discards 'volatile' qualifier from pointer target type [-Wdiscarded-qualifiers]
         in32s(&val,1,control_module+spi_sclk_1_pinConfig);
               ^
In file included from C:/qnx700/target/qnx7/usr/include/hw/inout.h:37:0,
                 from C:/QNX7workspace/05ESP8266_BBB_UART_SPI/ESP8266_BBB_UART_SPI/ESP8266_BBB_UART_SPI.c:14:
C:/qnx700/target/qnx7/usr/include/arm/inout.h:106:1: note: expected 'void *' but argument is of type 'volatile uint32_t * {aka volatile unsigned int *}'
 in32s(void *__buff, unsigned __len, _Uintptrt __addr)
 ^
C:/QNX7workspace/05ESP8266_BBB_UART_SPI/ESP8266_BBB_UART_SPI/ESP8266_BBB_UART_SPI.c:135:15: warning: passing argument 1 of 'in32s' discards 'volatile' qualifier from pointer target type [-Wdiscarded-qualifiers]
         in32s(&val,1,control_module+uart1_ctsn_pinConfig);
               ^
In file included from C:/qnx700/target/qnx7/usr/include/hw/inout.h:37:0,
                 from C:/QNX7workspace/05ESP8266_BBB_UART_SPI/ESP8266_BBB_UART_SPI/ESP8266_BBB_UART_SPI.c:14:
C:/qnx700/target/qnx7/usr/include/arm/inout.h:106:1: note: expected 'void *' but argument is of type 'volatile uint32_t * {aka volatile unsigned int *}'
 in32s(void *__buff, unsigned __len, _Uintptrt __addr)
 ^
C:/QNX7workspace/05ESP8266_BBB_UART_SPI/ESP8266_BBB_UART_SPI/ESP8266_BBB_UART_SPI.c:138:15: warning: passing argument 1 of 'in32s' discards 'volatile' qualifier from pointer target type [-Wdiscarded-qualifiers]
         in32s(&val,1,control_module+uart1_rtsn_pinConfig);
               ^
In file included from C:/qnx700/target/qnx7/usr/include/hw/inout.h:37:0,
                 from C:/QNX7workspace/05ESP8266_BBB_UART_SPI/ESP8266_BBB_UART_SPI/ESP8266_BBB_UART_SPI.c:14:
C:/qnx700/target/qnx7/usr/include/arm/inout.h:106:1: note: expected 'void *' but argument is of type 'volatile uint32_t * {aka volatile unsigned int *}'
 in32s(void *__buff, unsigned __len, _Uintptrt __addr)
 ^
C:/QNX7workspace/05ESP8266_BBB_UART_SPI/ESP8266_BBB_UART_SPI/ESP8266_BBB_UART_SPI.c:141:15: warning: passing argument 1 of 'in32s' discards 'volatile' qualifier from pointer target type [-Wdiscarded-qualifiers]
         in32s(&val,1,control_module+uart1_rxd_pinConfig);
               ^
In file included from C:/qnx700/target/qnx7/usr/include/hw/inout.h:37:0,
                 from C:/QNX7workspace/05ESP8266_BBB_UART_SPI/ESP8266_BBB_UART_SPI/ESP8266_BBB_UART_SPI.c:14:
C:/qnx700/target/qnx7/usr/include/arm/inout.h:106:1: note: expected 'void *' but argument is of type 'volatile uint32_t * {aka volatile unsigned int *}'
 in32s(void *__buff, unsigned __len, _Uintptrt __addr)
 ^
C:/QNX7workspace/05ESP8266_BBB_UART_SPI/ESP8266_BBB_UART_SPI/ESP8266_BBB_UART_SPI.c:144:15: warning: passing argument 1 of 'in32s' discards 'volatile' qualifier from pointer target type [-Wdiscarded-qualifiers]
         in32s(&val,1,control_module+uart1_txd_pinConfig);
               ^
In file included from C:/qnx700/target/qnx7/usr/include/hw/inout.h:37:0,
                 from C:/QNX7workspace/05ESP8266_BBB_UART_SPI/ESP8266_BBB_UART_SPI/ESP8266_BBB_UART_SPI.c:14:
C:/qnx700/target/qnx7/usr/include/arm/inout.h:106:1: note: expected 'void *' but argument is of type 'volatile uint32_t * {aka volatile unsigned int *}'
 in32s(void *__buff, unsigned __len, _Uintptrt __addr)
 ^
C:/QNX7workspace/05ESP8266_BBB_UART_SPI/ESP8266_BBB_UART_SPI/ESP8266_BBB_UART_SPI.c: In function 'Pin_control':
C:/QNX7workspace/05ESP8266_BBB_UART_SPI/ESP8266_BBB_UART_SPI/ESP8266_BBB_UART_SPI.c:185:15: warning: unused variable 'gpio1_base' [-Wunused-variable]
     uintptr_t gpio1_base = mmap_device_io(AM335X_GPIO_SIZE , AM335X_GPIO1_BASE);
               ^
C:/QNX7workspace/05ESP8266_BBB_UART_SPI/ESP8266_BBB_UART_SPI/ESP8266_BBB_UART_SPI.c: In function 'spisetcfg':
C:/QNX7workspace/05ESP8266_BBB_UART_SPI/ESP8266_BBB_UART_SPI/ESP8266_BBB_UART_SPI.c:229:1: warning: control reaches end of non-void function [-Wreturn-type]
 }
 ^
C:/QNX7workspace/05ESP8266_BBB_UART_SPI/ESP8266_BBB_UART_SPI/ESP8266_BBB_UART_SPI.c: In function 'spigetdevinfo':
C:/QNX7workspace/05ESP8266_BBB_UART_SPI/ESP8266_BBB_UART_SPI/ESP8266_BBB_UART_SPI.c:246:1: warning: control reaches end of non-void function [-Wreturn-type]
 }
 ^
C:/QNX7workspace/05ESP8266_BBB_UART_SPI/ESP8266_BBB_UART_SPI/ESP8266_BBB_UART_SPI.c: In function 'spiwrite':
C:/QNX7workspace/05ESP8266_BBB_UART_SPI/ESP8266_BBB_UART_SPI/ESP8266_BBB_UART_SPI.c:293:1: warning: control reaches end of non-void function [-Wreturn-type]
 }
 ^
C:/QNX7workspace/05ESP8266_BBB_UART_SPI/ESP8266_BBB_UART_SPI/ESP8266_BBB_UART_SPI.c: In function 'spiclose':
C:/QNX7workspace/05ESP8266_BBB_UART_SPI/ESP8266_BBB_UART_SPI/ESP8266_BBB_UART_SPI.c:298:1: warning: control reaches end of non-void function [-Wreturn-type]
 }
 ^
C:/QNX7workspace/05ESP8266_BBB_UART_SPI/ESP8266_BBB_UART_SPI/ESP8266_BBB_UART_SPI.c: In function 'spiwrite':
C:/QNX7workspace/05ESP8266_BBB_UART_SPI/ESP8266_BBB_UART_SPI/ESP8266_BBB_UART_SPI.c:263:29: warning: array subscript is above array bounds [-Warray-bounds]
             buffer[7] = reg1[7];
                             ^
C:/qnx700/host/win64/x86_64/usr/bin/rm -f  C:/QNX7workspace/05ESP8266_BBB_UART_SPI/ESP8266_BBB_UART_SPI/arm/o-le-v7/ESP8266_BBB_UART_SPI
C:/qnx700/host/win64/x86_64/usr/bin/qcc -Vgcc_ntoarmv7 -Wl,--no-keep-memory        -o C:/QNX7workspace/05ESP8266_BBB_UART_SPI/ESP8266_BBB_UART_SPI/arm/o-le-v7/ESP8266_BBB_UART_SPI    ESP8266_BBB_UART_SPI.o  -L. -LC:/qnx700/target/qnx7/armle-v7/lib -LC:/qnx700/target/qnx7/armle-v7/usr/lib -Wl,--rpath-link,. -Wl,--rpath-link,C:/qnx700/target/qnx7/armle-v7/lib -Wl,--rpath-link,C:/qnx700/target/qnx7/armle-v7/usr/lib       -lc    -lsocket    -lspi-master   -EL          
make.exe[2]: Leaving directory 'C:/QNX7workspace/05ESP8266_BBB_UART_SPI/ESP8266_BBB_UART_SPI/arm/o-le-v7'
C:/qnx700/host/win64/x86_64/usr/bin/make.exe -j 1 -Co-le-v7-g -fMakefile all
make.exe[2]: Entering directory 'C:/QNX7workspace/05ESP8266_BBB_UART_SPI/ESP8266_BBB_UART_SPI/arm/o-le-v7-g'
C:/qnx700/host/win64/x86_64/usr/bin/qcc -Vgcc_ntoarmv7 -c  -Wc,-Wall             -I. -IC:/QNX7workspace/05ESP8266_BBB_UART_SPI/ESP8266_BBB_UART_SPI/arm/le.v7 -IC:/QNX7workspace/05ESP8266_BBB_UART_SPI/ESP8266_BBB_UART_SPI/arm/o-le-v7-g -IC:/QNX7workspace/05ESP8266_BBB_UART_SPI/ESP8266_BBB_UART_SPI/arm -IC:/QNX7workspace/05ESP8266_BBB_UART_SPI/ESP8266_BBB_UART_SPI -IC:/qnx700/target/qnx7/usr/include    -EL      -g        -DVARIANT_le -DVARIANT_v7 -DVARIANT_g -DBUILDENV_qss  C:/QNX7workspace/05ESP8266_BBB_UART_SPI/ESP8266_BBB_UART_SPI/ESP8266_BBB_UART_SPI.c 
C:/QNX7workspace/05ESP8266_BBB_UART_SPI/ESP8266_BBB_UART_SPI/ESP8266_BBB_UART_SPI.c: In function 'Pin_status':
C:/QNX7workspace/05ESP8266_BBB_UART_SPI/ESP8266_BBB_UART_SPI/ESP8266_BBB_UART_SPI.c:108:28: warning: initialization makes integer from pointer without a cast [-Wint-conversion]
     uintptr_t gpio1_base = NULL;
                            ^
C:/QNX7workspace/05ESP8266_BBB_UART_SPI/ESP8266_BBB_UART_SPI/ESP8266_BBB_UART_SPI.c:109:32: warning: initialization makes integer from pointer without a cast [-Wint-conversion]
     uintptr_t control_module = NULL;
                                ^
C:/QNX7workspace/05ESP8266_BBB_UART_SPI/ESP8266_BBB_UART_SPI/ESP8266_BBB_UART_SPI.c:117:15: warning: passing argument 1 of 'in32s' discards 'volatile' qualifier from pointer target type [-Wdiscarded-qualifiers]
         in32s(&val,1,control_module+GPIO_6_pinConfig);
               ^
In file included from C:/qnx700/target/qnx7/usr/include/hw/inout.h:37:0,
                 from C:/QNX7workspace/05ESP8266_BBB_UART_SPI/ESP8266_BBB_UART_SPI/ESP8266_BBB_UART_SPI.c:14:
C:/qnx700/target/qnx7/usr/include/arm/inout.h:106:1: note: expected 'void *' but argument is of type 'volatile uint32_t * {aka volatile unsigned int *}'
 in32s(void *__buff, unsigned __len, _Uintptrt __addr)
 ^
C:/QNX7workspace/05ESP8266_BBB_UART_SPI/ESP8266_BBB_UART_SPI/ESP8266_BBB_UART_SPI.c:120:15: warning: passing argument 1 of 'in32s' discards 'volatile' qualifier from pointer target type [-Wdiscarded-qualifiers]
         in32s(&val,1,control_module+GPIO_7_pinConfig);
               ^
In file included from C:/qnx700/target/qnx7/usr/include/hw/inout.h:37:0,
                 from C:/QNX7workspace/05ESP8266_BBB_UART_SPI/ESP8266_BBB_UART_SPI/ESP8266_BBB_UART_SPI.c:14:
C:/qnx700/target/qnx7/usr/include/arm/inout.h:106:1: note: expected 'void *' but argument is of type 'volatile uint32_t * {aka volatile unsigned int *}'
 in32s(void *__buff, unsigned __len, _Uintptrt __addr)
 ^
C:/QNX7workspace/05ESP8266_BBB_UART_SPI/ESP8266_BBB_UART_SPI/ESP8266_BBB_UART_SPI.c:123:15: warning: passing argument 1 of 'in32s' discards 'volatile' qualifier from pointer target type [-Wdiscarded-qualifiers]
         in32s(&val,1,control_module+spi_cs_1_pinConfig);
               ^
In file included from C:/qnx700/target/qnx7/usr/include/hw/inout.h:37:0,
                 from C:/QNX7workspace/05ESP8266_BBB_UART_SPI/ESP8266_BBB_UART_SPI/ESP8266_BBB_UART_SPI.c:14:
C:/qnx700/target/qnx7/usr/include/arm/inout.h:106:1: note: expected 'void *' but argument is of type 'volatile uint32_t * {aka volatile unsigned int *}'
 in32s(void *__buff, unsigned __len, _Uintptrt __addr)
 ^
C:/QNX7workspace/05ESP8266_BBB_UART_SPI/ESP8266_BBB_UART_SPI/ESP8266_BBB_UART_SPI.c:126:15: warning: passing argument 1 of 'in32s' discards 'volatile' qualifier from pointer target type [-Wdiscarded-qualifiers]
         in32s(&val,1,control_module+spi_d0_1_pinConfig);
               ^
In file included from C:/qnx700/target/qnx7/usr/include/hw/inout.h:37:0,
                 from C:/QNX7workspace/05ESP8266_BBB_UART_SPI/ESP8266_BBB_UART_SPI/ESP8266_BBB_UART_SPI.c:14:
C:/qnx700/target/qnx7/usr/include/arm/inout.h:106:1: note: expected 'void *' but argument is of type 'volatile uint32_t * {aka volatile unsigned int *}'
 in32s(void *__buff, unsigned __len, _Uintptrt __addr)
 ^
C:/QNX7workspace/05ESP8266_BBB_UART_SPI/ESP8266_BBB_UART_SPI/ESP8266_BBB_UART_SPI.c:129:15: warning: passing argument 1 of 'in32s' discards 'volatile' qualifier from pointer target type [-Wdiscarded-qualifiers]
         in32s(&val,1,control_module+spi_d1_1_pinConfig);
               ^
In file included from C:/qnx700/target/qnx7/usr/include/hw/inout.h:37:0,
                 from C:/QNX7workspace/05ESP8266_BBB_UART_SPI/ESP8266_BBB_UART_SPI/ESP8266_BBB_UART_SPI.c:14:
C:/qnx700/target/qnx7/usr/include/arm/inout.h:106:1: note: expected 'void *' but argument is of type 'volatile uint32_t * {aka volatile unsigned int *}'
 in32s(void *__buff, unsigned __len, _Uintptrt __addr)
 ^
C:/QNX7workspace/05ESP8266_BBB_UART_SPI/ESP8266_BBB_UART_SPI/ESP8266_BBB_UART_SPI.c:132:15: warning: passing argument 1 of 'in32s' discards 'volatile' qualifier from pointer target type [-Wdiscarded-qualifiers]
         in32s(&val,1,control_module+spi_sclk_1_pinConfig);
               ^
In file included from C:/qnx700/target/qnx7/usr/include/hw/inout.h:37:0,
                 from C:/QNX7workspace/05ESP8266_BBB_UART_SPI/ESP8266_BBB_UART_SPI/ESP8266_BBB_UART_SPI.c:14:
C:/qnx700/target/qnx7/usr/include/arm/inout.h:106:1: note: expected 'void *' but argument is of type 'volatile uint32_t * {aka volatile unsigned int *}'
 in32s(void *__buff, unsigned __len, _Uintptrt __addr)
 ^
C:/QNX7workspace/05ESP8266_BBB_UART_SPI/ESP8266_BBB_UART_SPI/ESP8266_BBB_UART_SPI.c:135:15: warning: passing argument 1 of 'in32s' discards 'volatile' qualifier from pointer target type [-Wdiscarded-qualifiers]
         in32s(&val,1,control_module+uart1_ctsn_pinConfig);
               ^
In file included from C:/qnx700/target/qnx7/usr/include/hw/inout.h:37:0,
                 from C:/QNX7workspace/05ESP8266_BBB_UART_SPI/ESP8266_BBB_UART_SPI/ESP8266_BBB_UART_SPI.c:14:
C:/qnx700/target/qnx7/usr/include/arm/inout.h:106:1: note: expected 'void *' but argument is of type 'volatile uint32_t * {aka volatile unsigned int *}'
 in32s(void *__buff, unsigned __len, _Uintptrt __addr)
 ^
C:/QNX7workspace/05ESP8266_BBB_UART_SPI/ESP8266_BBB_UART_SPI/ESP8266_BBB_UART_SPI.c:138:15: warning: passing argument 1 of 'in32s' discards 'volatile' qualifier from pointer target type [-Wdiscarded-qualifiers]
         in32s(&val,1,control_module+uart1_rtsn_pinConfig);
               ^
In file included from C:/qnx700/target/qnx7/usr/include/hw/inout.h:37:0,
                 from C:/QNX7workspace/05ESP8266_BBB_UART_SPI/ESP8266_BBB_UART_SPI/ESP8266_BBB_UART_SPI.c:14:
C:/qnx700/target/qnx7/usr/include/arm/inout.h:106:1: note: expected 'void *' but argument is of type 'volatile uint32_t * {aka volatile unsigned int *}'
 in32s(void *__buff, unsigned __len, _Uintptrt __addr)
 ^
C:/QNX7workspace/05ESP8266_BBB_UART_SPI/ESP8266_BBB_UART_SPI/ESP8266_BBB_UART_SPI.c:141:15: warning: passing argument 1 of 'in32s' discards 'volatile' qualifier from pointer target type [-Wdiscarded-qualifiers]
         in32s(&val,1,control_module+uart1_rxd_pinConfig);
               ^
In file included from C:/qnx700/target/qnx7/usr/include/hw/inout.h:37:0,
                 from C:/QNX7workspace/05ESP8266_BBB_UART_SPI/ESP8266_BBB_UART_SPI/ESP8266_BBB_UART_SPI.c:14:
C:/qnx700/target/qnx7/usr/include/arm/inout.h:106:1: note: expected 'void *' but argument is of type 'volatile uint32_t * {aka volatile unsigned int *}'
 in32s(void *__buff, unsigned __len, _Uintptrt __addr)
 ^
C:/QNX7workspace/05ESP8266_BBB_UART_SPI/ESP8266_BBB_UART_SPI/ESP8266_BBB_UART_SPI.c:144:15: warning: passing argument 1 of 'in32s' discards 'volatile' qualifier from pointer target type [-Wdiscarded-qualifiers]
         in32s(&val,1,control_module+uart1_txd_pinConfig);
               ^
In file included from C:/qnx700/target/qnx7/usr/include/hw/inout.h:37:0,
                 from C:/QNX7workspace/05ESP8266_BBB_UART_SPI/ESP8266_BBB_UART_SPI/ESP8266_BBB_UART_SPI.c:14:
C:/qnx700/target/qnx7/usr/include/arm/inout.h:106:1: note: expected 'void *' but argument is of type 'volatile uint32_t * {aka volatile unsigned int *}'
 in32s(void *__buff, unsigned __len, _Uintptrt __addr)
 ^
C:/QNX7workspace/05ESP8266_BBB_UART_SPI/ESP8266_BBB_UART_SPI/ESP8266_BBB_UART_SPI.c: In function 'Pin_control':
C:/QNX7workspace/05ESP8266_BBB_UART_SPI/ESP8266_BBB_UART_SPI/ESP8266_BBB_UART_SPI.c:185:15: warning: unused variable 'gpio1_base' [-Wunused-variable]
     uintptr_t gpio1_base = mmap_device_io(AM335X_GPIO_SIZE , AM335X_GPIO1_BASE);
               ^
C:/QNX7workspace/05ESP8266_BBB_UART_SPI/ESP8266_BBB_UART_SPI/ESP8266_BBB_UART_SPI.c: In function 'spisetcfg':
C:/QNX7workspace/05ESP8266_BBB_UART_SPI/ESP8266_BBB_UART_SPI/ESP8266_BBB_UART_SPI.c:229:1: warning: control reaches end of non-void function [-Wreturn-type]
 }
 ^
C:/QNX7workspace/05ESP8266_BBB_UART_SPI/ESP8266_BBB_UART_SPI/ESP8266_BBB_UART_SPI.c: In function 'spigetdevinfo':
C:/QNX7workspace/05ESP8266_BBB_UART_SPI/ESP8266_BBB_UART_SPI/ESP8266_BBB_UART_SPI.c:246:1: warning: control reaches end of non-void function [-Wreturn-type]
 }
 ^
C:/QNX7workspace/05ESP8266_BBB_UART_SPI/ESP8266_BBB_UART_SPI/ESP8266_BBB_UART_SPI.c: In function 'spiwrite':
C:/QNX7workspace/05ESP8266_BBB_UART_SPI/ESP8266_BBB_UART_SPI/ESP8266_BBB_UART_SPI.c:293:1: warning: control reaches end of non-void function [-Wreturn-type]
 }
 ^
C:/QNX7workspace/05ESP8266_BBB_UART_SPI/ESP8266_BBB_UART_SPI/ESP8266_BBB_UART_SPI.c: In function 'spiclose':
C:/QNX7workspace/05ESP8266_BBB_UART_SPI/ESP8266_BBB_UART_SPI/ESP8266_BBB_UART_SPI.c:298:1: warning: control reaches end of non-void function [-Wreturn-type]
 }
 ^
C:/qnx700/host/win64/x86_64/usr/bin/rm -f  C:/QNX7workspace/05ESP8266_BBB_UART_SPI/ESP8266_BBB_UART_SPI/arm/o-le-v7-g/ESP8266_BBB_UART_SPI_g
C:/qnx700/host/win64/x86_64/usr/bin/qcc -Vgcc_ntoarmv7 -Wl,--no-keep-memory        -o C:/QNX7workspace/05ESP8266_BBB_UART_SPI/ESP8266_BBB_UART_SPI/arm/o-le-v7-g/ESP8266_BBB_UART_SPI_g    ESP8266_BBB_UART_SPI.o  -L. -LC:/qnx700/target/qnx7/armle-v7/lib -LC:/qnx700/target/qnx7/armle-v7/usr/lib -Wl,--rpath-link,. -Wl,--rpath-link,C:/qnx700/target/qnx7/armle-v7/lib -Wl,--rpath-link,C:/qnx700/target/qnx7/armle-v7/usr/lib       -lc    -lsocket    -lspi-master   -EL      -g         
make.exe[2]: Leaving directory 'C:/QNX7workspace/05ESP8266_BBB_UART_SPI/ESP8266_BBB_UART_SPI/arm/o-le-v7-g'
make.exe[1]: Leaving directory 'C:/QNX7workspace/05ESP8266_BBB_UART_SPI/ESP8266_BBB_UART_SPI/arm'
"C:\\qnx700\\host\\win64\\x86_64\\usr\\bin\\make.exe" -k CPULIST=arm all --file=C:/Users/sachs/AppData/Local/Temp/QMakefile15356240554458304230682656940277.tmp 
C:/qnx700/host/win64/x86_64/usr/bin/make.exe -j 1 -Carm -fMakefile all
make.exe[1]: Entering directory 'C:/QNX7workspace/05ESP8266_BBB_UART_SPI/ESP8266_BBB_UART_SPI/arm'
C:/qnx700/host/win64/x86_64/usr/bin/make.exe -j 1 -Co-le-v7 -fMakefile all 
make.exe[2]: Entering directory 'C:/QNX7workspace/05ESP8266_BBB_UART_SPI/ESP8266_BBB_UART_SPI/arm/o-le-v7'
make.exe[2]: Nothing to be done for 'all'.
make.exe[2]: Leaving directory 'C:/QNX7workspace/05ESP8266_BBB_UART_SPI/ESP8266_BBB_UART_SPI/arm/o-le-v7'
C:/qnx700/host/win64/x86_64/usr/bin/make.exe -j 1 -Co-le-v7-g -fMakefile all
make.exe[2]: Entering directory 'C:/QNX7workspace/05ESP8266_BBB_UART_SPI/ESP8266_BBB_UART_SPI/arm/o-le-v7-g'
make.exe[2]: Nothing to be done for 'all'.
make.exe[2]: Leaving directory 'C:/QNX7workspace/05ESP8266_BBB_UART_SPI/ESP8266_BBB_UART_SPI/arm/o-le-v7-g'
make.exe[1]: Leaving directory 'C:/QNX7workspace/05ESP8266_BBB_UART_SPI/ESP8266_BBB_UART_SPI/arm'
"C:\\qnx700\\host\\win64\\x86_64\\usr\\bin\\make.exe" -k CPULIST=arm all --file=C:/Users/sachs/AppData/Local/Temp/QMakefile15356240627406244650777431372272.tmp 
C:/qnx700/host/win64/x86_64/usr/bin/make.exe -j 1 -Carm -fMakefile all
make.exe[1]: Entering directory 'C:/QNX7workspace/05ESP8266_BBB_UART_SPI/ESP8266_BBB_UART_SPI/arm'
C:/qnx700/host/win64/x86_64/usr/bin/make.exe -j 1 -Co-le-v7 -fMakefile all 
make.exe[2]: Entering directory 'C:/QNX7workspace/05ESP8266_BBB_UART_SPI/ESP8266_BBB_UART_SPI/arm/o-le-v7'
make.exe[2]: Nothing to be done for 'all'.
make.exe[2]: Leaving directory 'C:/QNX7workspace/05ESP8266_BBB_UART_SPI/ESP8266_BBB_UART_SPI/arm/o-le-v7'
C:/qnx700/host/win64/x86_64/usr/bin/make.exe -j 1 -Co-le-v7-g -fMakefile all
make.exe[2]: Entering directory 'C:/QNX7workspace/05ESP8266_BBB_UART_SPI/ESP8266_BBB_UART_SPI/arm/o-le-v7-g'
make.exe[2]: Nothing to be done for 'all'.
make.exe[2]: Leaving directory 'C:/QNX7workspace/05ESP8266_BBB_UART_SPI/ESP8266_BBB_UART_SPI/arm/o-le-v7-g'
make.exe[1]: Leaving directory 'C:/QNX7workspace/05ESP8266_BBB_UART_SPI/ESP8266_BBB_UART_SPI/arm'
"C:\\qnx700\\host\\win64\\x86_64\\usr\\bin\\make.exe" -k CPULIST=arm all --file=C:/Users/sachs/AppData/Local/Temp/QMakefile15356240652675899961382915741637.tmp 
C:/qnx700/host/win64/x86_64/usr/bin/make.exe -j 1 -Carm -fMakefile all
make.exe[1]: Entering directory 'C:/QNX7workspace/05ESP8266_BBB_UART_SPI/ESP8266_BBB_UART_SPI/arm'
C:/qnx700/host/win64/x86_64/usr/bin/make.exe -j 1 -Co-le-v7 -fMakefile all 
make.exe[2]: Entering directory 'C:/QNX7workspace/05ESP8266_BBB_UART_SPI/ESP8266_BBB_UART_SPI/arm/o-le-v7'
make.exe[2]: Nothing to be done for 'all'.
make.exe[2]: Leaving directory 'C:/QNX7workspace/05ESP8266_BBB_UART_SPI/ESP8266_BBB_UART_SPI/arm/o-le-v7'
C:/qnx700/host/win64/x86_64/usr/bin/make.exe -j 1 -Co-le-v7-g -fMakefile all
make.exe[2]: Entering directory 'C:/QNX7workspace/05ESP8266_BBB_UART_SPI/ESP8266_BBB_UART_SPI/arm/o-le-v7-g'
make.exe[2]: Nothing to be done for 'all'.
make.exe[2]: Leaving directory 'C:/QNX7workspace/05ESP8266_BBB_UART_SPI/ESP8266_BBB_UART_SPI/arm/o-le-v7-g'
make.exe[1]: Leaving directory 'C:/QNX7workspace/05ESP8266_BBB_UART_SPI/ESP8266_BBB_UART_SPI/arm'
