"C:\\qnx700\\host\\win64\\x86_64\\usr\\bin\\make.exe" -k CPULIST=arm all --file=C:/Users/sachs/AppData/Local/Temp/QMakefile1537964921838759452386919409251.tmp 
C:/qnx700/host/win64/x86_64/usr/bin/make.exe -j 1 -Carm -fMakefile all
make.exe[1]: Entering directory 'C:/QNX7workspace/05ESP8266_BBB_UART_SPI/Keypad_InterruptAttachEvent/arm'
C:/qnx700/host/win64/x86_64/usr/bin/make.exe -j 1 -Co-le-v7 -fMakefile all 
make.exe[2]: Entering directory 'C:/QNX7workspace/05ESP8266_BBB_UART_SPI/Keypad_InterruptAttachEvent/arm/o-le-v7'
C:/qnx700/host/win64/x86_64/usr/bin/qcc -Vgcc_ntoarmv7 -c -Os -Wc,-Wall          -DNDEBUG   -I. -IC:/QNX7workspace/05ESP8266_BBB_UART_SPI/Keypad_InterruptAttachEvent/arm/o-le-v7 -IC:/QNX7workspace/05ESP8266_BBB_UART_SPI/Keypad_InterruptAttachEvent/arm -IC:/QNX7workspace/05ESP8266_BBB_UART_SPI/Keypad_InterruptAttachEvent -IC:/qnx700/target/qnx7/usr/include    -EL         -DVARIANT_le -DVARIANT_v7 -DBUILDENV_qss  C:/QNX7workspace/05ESP8266_BBB_UART_SPI/Keypad_InterruptAttachEvent/Keypad_InterruptAttachEvent.c 
C:/QNX7workspace/05ESP8266_BBB_UART_SPI/Keypad_InterruptAttachEvent/Keypad_InterruptAttachEvent.c: In function 'strobe_SCL':
C:/QNX7workspace/05ESP8266_BBB_UART_SPI/Keypad_InterruptAttachEvent/Keypad_InterruptAttachEvent.c:100:4: warning: implicit declaration of function 'delaySCL' [-Wimplicit-function-declaration]
    delaySCL();
    ^
C:/QNX7workspace/05ESP8266_BBB_UART_SPI/Keypad_InterruptAttachEvent/Keypad_InterruptAttachEvent.c: In function 'Flash_LED0_ex':
C:/QNX7workspace/05ESP8266_BBB_UART_SPI/Keypad_InterruptAttachEvent/Keypad_InterruptAttachEvent.c:112:2: warning: implicit declaration of function 'pthread_detach' [-Wimplicit-function-declaration]
  pthread_detach(pthread_self());  // no need for this thread to join
  ^
C:/QNX7workspace/05ESP8266_BBB_UART_SPI/Keypad_InterruptAttachEvent/Keypad_InterruptAttachEvent.c:112:17: warning: implicit declaration of function 'pthread_self' [-Wimplicit-function-declaration]
  pthread_detach(pthread_self());  // no need for this thread to join
                 ^
C:/QNX7workspace/05ESP8266_BBB_UART_SPI/Keypad_InterruptAttachEvent/Keypad_InterruptAttachEvent.c:121:2: warning: implicit declaration of function 'usleep' [-Wimplicit-function-declaration]
  usleep(100000);  // 100 ms wait
  ^
C:/QNX7workspace/05ESP8266_BBB_UART_SPI/Keypad_InterruptAttachEvent/Keypad_InterruptAttachEvent.c: At top level:
C:/QNX7workspace/05ESP8266_BBB_UART_SPI/Keypad_InterruptAttachEvent/Keypad_InterruptAttachEvent.c:133:6: warning: conflicting types for 'delaySCL'
 void delaySCL()  {// Small delay used to get timing correct for BBB
      ^
C:/QNX7workspace/05ESP8266_BBB_UART_SPI/Keypad_InterruptAttachEvent/Keypad_InterruptAttachEvent.c:100:4: note: previous implicit declaration of 'delaySCL' was here
    delaySCL();
    ^
C:/QNX7workspace/05ESP8266_BBB_UART_SPI/Keypad_InterruptAttachEvent/Keypad_InterruptAttachEvent.c: In function 'delaySCL':
C:/QNX7workspace/05ESP8266_BBB_UART_SPI/Keypad_InterruptAttachEvent/Keypad_InterruptAttachEvent.c:134:19: warning: variable 'a' set but not used [-Wunused-but-set-variable]
   volatile int i, a;
                   ^
C:/QNX7workspace/05ESP8266_BBB_UART_SPI/Keypad_InterruptAttachEvent/Keypad_InterruptAttachEvent.c: In function 'DecodeKeyValue':
C:/QNX7workspace/05ESP8266_BBB_UART_SPI/Keypad_InterruptAttachEvent/Keypad_InterruptAttachEvent.c:163:4: warning: implicit declaration of function 'pthread_create' [-Wimplicit-function-declaration]
    pthread_create(NULL, NULL, Flash_LED0_ex, NULL); // flash LED
    ^
C:/QNX7workspace/05ESP8266_BBB_UART_SPI/Keypad_InterruptAttachEvent/Keypad_InterruptAttachEvent.c:228:11: warning: format '%lu' expects argument of type 'long unsigned int', but argument 2 has type 'uint32_t {aka unsigned int}' [-Wformat=]
    printf("Key pressed could not be determined - %lu\n", word);
           ^
C:/QNX7workspace/05ESP8266_BBB_UART_SPI/Keypad_InterruptAttachEvent/Keypad_InterruptAttachEvent.c: In function 'main':
C:/QNX7workspace/05ESP8266_BBB_UART_SPI/Keypad_InterruptAttachEvent/Keypad_InterruptAttachEvent.c:263:11: warning: passing argument 1 of 'in32s' discards 'volatile' qualifier from pointer target type [-Wdiscarded-qualifiers]
     in32s(&val, 1, control_module + P9_12_pinConfig );
           ^
In file included from C:/qnx700/target/qnx7/usr/include/hw/inout.h:37:0,
                 from C:/QNX7workspace/05ESP8266_BBB_UART_SPI/Keypad_InterruptAttachEvent/Keypad_InterruptAttachEvent.c:27:
C:/qnx700/target/qnx7/usr/include/arm/inout.h:106:1: note: expected 'void *' but argument is of type 'volatile uint32_t * {aka volatile unsigned int *}'
 in32s(void *__buff, unsigned __len, _Uintptrt __addr)
 ^
C:/QNX7workspace/05ESP8266_BBB_UART_SPI/Keypad_InterruptAttachEvent/Keypad_InterruptAttachEvent.c:278:11: warning: passing argument 1 of 'in32s' discards 'volatile' qualifier from pointer target type [-Wdiscarded-qualifiers]
     in32s(&val, 1, control_module + P9_12_pinConfig);   // Read it back
           ^
In file included from C:/qnx700/target/qnx7/usr/include/hw/inout.h:37:0,
                 from C:/QNX7workspace/05ESP8266_BBB_UART_SPI/Keypad_InterruptAttachEvent/Keypad_InterruptAttachEvent.c:27:
C:/qnx700/target/qnx7/usr/include/arm/inout.h:106:1: note: expected 'void *' but argument is of type 'volatile uint32_t * {aka volatile unsigned int *}'
 in32s(void *__buff, unsigned __len, _Uintptrt __addr)
 ^
C:/QNX7workspace/05ESP8266_BBB_UART_SPI/Keypad_InterruptAttachEvent/Keypad_InterruptAttachEvent.c:289:5: warning: implicit declaration of function 'memset' [-Wimplicit-function-declaration]
     memset(&event, 0, sizeof(event));
     ^
C:/QNX7workspace/05ESP8266_BBB_UART_SPI/Keypad_InterruptAttachEvent/Keypad_InterruptAttachEvent.c:289:5: warning: incompatible implicit declaration of built-in function 'memset'
C:/QNX7workspace/05ESP8266_BBB_UART_SPI/Keypad_InterruptAttachEvent/Keypad_InterruptAttachEvent.c:289:5: note: include '<string.h>' or provide a declaration of 'memset'
C:/QNX7workspace/05ESP8266_BBB_UART_SPI/Keypad_InterruptAttachEvent/Keypad_InterruptAttachEvent.c: In function 'Flash_LED0_ex':
C:/QNX7workspace/05ESP8266_BBB_UART_SPI/Keypad_InterruptAttachEvent/Keypad_InterruptAttachEvent.c:130:1: warning: control reaches end of non-void function [-Wreturn-type]
 }
 ^
C:/qnx700/host/win64/x86_64/usr/bin/rm -f  C:/QNX7workspace/05ESP8266_BBB_UART_SPI/Keypad_InterruptAttachEvent/arm/o-le-v7/Keypad_InterruptAttachEvent
C:/qnx700/host/win64/x86_64/usr/bin/qcc -Vgcc_ntoarmv7 -Wl,--no-keep-memory        -o C:/QNX7workspace/05ESP8266_BBB_UART_SPI/Keypad_InterruptAttachEvent/arm/o-le-v7/Keypad_InterruptAttachEvent    Keypad_InterruptAttachEvent.o  -L. -LC:/qnx700/target/qnx7/armle-v7/lib -LC:/qnx700/target/qnx7/armle-v7/usr/lib -Wl,--rpath-link,. -Wl,--rpath-link,C:/qnx700/target/qnx7/armle-v7/lib -Wl,--rpath-link,C:/qnx700/target/qnx7/armle-v7/usr/lib       -EL          
make.exe[2]: Leaving directory 'C:/QNX7workspace/05ESP8266_BBB_UART_SPI/Keypad_InterruptAttachEvent/arm/o-le-v7'
C:/qnx700/host/win64/x86_64/usr/bin/make.exe -j 1 -Co-le-v7-g -fMakefile all
make.exe[2]: Entering directory 'C:/QNX7workspace/05ESP8266_BBB_UART_SPI/Keypad_InterruptAttachEvent/arm/o-le-v7-g'
C:/qnx700/host/win64/x86_64/usr/bin/qcc -Vgcc_ntoarmv7 -c  -Wc,-Wall             -I. -IC:/QNX7workspace/05ESP8266_BBB_UART_SPI/Keypad_InterruptAttachEvent/arm/le.v7 -IC:/QNX7workspace/05ESP8266_BBB_UART_SPI/Keypad_InterruptAttachEvent/arm/o-le-v7-g -IC:/QNX7workspace/05ESP8266_BBB_UART_SPI/Keypad_InterruptAttachEvent/arm -IC:/QNX7workspace/05ESP8266_BBB_UART_SPI/Keypad_InterruptAttachEvent -IC:/qnx700/target/qnx7/usr/include    -EL      -g        -DVARIANT_le -DVARIANT_v7 -DVARIANT_g -DBUILDENV_qss  C:/QNX7workspace/05ESP8266_BBB_UART_SPI/Keypad_InterruptAttachEvent/Keypad_InterruptAttachEvent.c 
C:/QNX7workspace/05ESP8266_BBB_UART_SPI/Keypad_InterruptAttachEvent/Keypad_InterruptAttachEvent.c: In function 'strobe_SCL':
C:/QNX7workspace/05ESP8266_BBB_UART_SPI/Keypad_InterruptAttachEvent/Keypad_InterruptAttachEvent.c:100:4: warning: implicit declaration of function 'delaySCL' [-Wimplicit-function-declaration]
    delaySCL();
    ^
C:/QNX7workspace/05ESP8266_BBB_UART_SPI/Keypad_InterruptAttachEvent/Keypad_InterruptAttachEvent.c: In function 'Flash_LED0_ex':
C:/QNX7workspace/05ESP8266_BBB_UART_SPI/Keypad_InterruptAttachEvent/Keypad_InterruptAttachEvent.c:112:2: warning: implicit declaration of function 'pthread_detach' [-Wimplicit-function-declaration]
  pthread_detach(pthread_self());  // no need for this thread to join
  ^
C:/QNX7workspace/05ESP8266_BBB_UART_SPI/Keypad_InterruptAttachEvent/Keypad_InterruptAttachEvent.c:112:17: warning: implicit declaration of function 'pthread_self' [-Wimplicit-function-declaration]
  pthread_detach(pthread_self());  // no need for this thread to join
                 ^
C:/QNX7workspace/05ESP8266_BBB_UART_SPI/Keypad_InterruptAttachEvent/Keypad_InterruptAttachEvent.c:121:2: warning: implicit declaration of function 'usleep' [-Wimplicit-function-declaration]
  usleep(100000);  // 100 ms wait
  ^
C:/QNX7workspace/05ESP8266_BBB_UART_SPI/Keypad_InterruptAttachEvent/Keypad_InterruptAttachEvent.c: At top level:
C:/QNX7workspace/05ESP8266_BBB_UART_SPI/Keypad_InterruptAttachEvent/Keypad_InterruptAttachEvent.c:133:6: warning: conflicting types for 'delaySCL'
 void delaySCL()  {// Small delay used to get timing correct for BBB
      ^
C:/QNX7workspace/05ESP8266_BBB_UART_SPI/Keypad_InterruptAttachEvent/Keypad_InterruptAttachEvent.c:100:4: note: previous implicit declaration of 'delaySCL' was here
    delaySCL();
    ^
C:/QNX7workspace/05ESP8266_BBB_UART_SPI/Keypad_InterruptAttachEvent/Keypad_InterruptAttachEvent.c: In function 'delaySCL':
C:/QNX7workspace/05ESP8266_BBB_UART_SPI/Keypad_InterruptAttachEvent/Keypad_InterruptAttachEvent.c:134:19: warning: variable 'a' set but not used [-Wunused-but-set-variable]
   volatile int i, a;
                   ^
C:/QNX7workspace/05ESP8266_BBB_UART_SPI/Keypad_InterruptAttachEvent/Keypad_InterruptAttachEvent.c: In function 'DecodeKeyValue':
C:/QNX7workspace/05ESP8266_BBB_UART_SPI/Keypad_InterruptAttachEvent/Keypad_InterruptAttachEvent.c:163:4: warning: implicit declaration of function 'pthread_create' [-Wimplicit-function-declaration]
    pthread_create(NULL, NULL, Flash_LED0_ex, NULL); // flash LED
    ^
C:/QNX7workspace/05ESP8266_BBB_UART_SPI/Keypad_InterruptAttachEvent/Keypad_InterruptAttachEvent.c:228:11: warning: format '%lu' expects argument of type 'long unsigned int', but argument 2 has type 'uint32_t {aka unsigned int}' [-Wformat=]
    printf("Key pressed could not be determined - %lu\n", word);
           ^
C:/QNX7workspace/05ESP8266_BBB_UART_SPI/Keypad_InterruptAttachEvent/Keypad_InterruptAttachEvent.c: In function 'main':
C:/QNX7workspace/05ESP8266_BBB_UART_SPI/Keypad_InterruptAttachEvent/Keypad_InterruptAttachEvent.c:263:11: warning: passing argument 1 of 'in32s' discards 'volatile' qualifier from pointer target type [-Wdiscarded-qualifiers]
     in32s(&val, 1, control_module + P9_12_pinConfig );
           ^
In file included from C:/qnx700/target/qnx7/usr/include/hw/inout.h:37:0,
                 from C:/QNX7workspace/05ESP8266_BBB_UART_SPI/Keypad_InterruptAttachEvent/Keypad_InterruptAttachEvent.c:27:
C:/qnx700/target/qnx7/usr/include/arm/inout.h:106:1: note: expected 'void *' but argument is of type 'volatile uint32_t * {aka volatile unsigned int *}'
 in32s(void *__buff, unsigned __len, _Uintptrt __addr)
 ^
C:/QNX7workspace/05ESP8266_BBB_UART_SPI/Keypad_InterruptAttachEvent/Keypad_InterruptAttachEvent.c:278:11: warning: passing argument 1 of 'in32s' discards 'volatile' qualifier from pointer target type [-Wdiscarded-qualifiers]
     in32s(&val, 1, control_module + P9_12_pinConfig);   // Read it back
           ^
In file included from C:/qnx700/target/qnx7/usr/include/hw/inout.h:37:0,
                 from C:/QNX7workspace/05ESP8266_BBB_UART_SPI/Keypad_InterruptAttachEvent/Keypad_InterruptAttachEvent.c:27:
C:/qnx700/target/qnx7/usr/include/arm/inout.h:106:1: note: expected 'void *' but argument is of type 'volatile uint32_t * {aka volatile unsigned int *}'
 in32s(void *__buff, unsigned __len, _Uintptrt __addr)
 ^
C:/QNX7workspace/05ESP8266_BBB_UART_SPI/Keypad_InterruptAttachEvent/Keypad_InterruptAttachEvent.c:289:5: warning: implicit declaration of function 'memset' [-Wimplicit-function-declaration]
     memset(&event, 0, sizeof(event));
     ^
C:/QNX7workspace/05ESP8266_BBB_UART_SPI/Keypad_InterruptAttachEvent/Keypad_InterruptAttachEvent.c:289:5: warning: incompatible implicit declaration of built-in function 'memset'
C:/QNX7workspace/05ESP8266_BBB_UART_SPI/Keypad_InterruptAttachEvent/Keypad_InterruptAttachEvent.c:289:5: note: include '<string.h>' or provide a declaration of 'memset'
C:/QNX7workspace/05ESP8266_BBB_UART_SPI/Keypad_InterruptAttachEvent/Keypad_InterruptAttachEvent.c: In function 'Flash_LED0_ex':
C:/QNX7workspace/05ESP8266_BBB_UART_SPI/Keypad_InterruptAttachEvent/Keypad_InterruptAttachEvent.c:130:1: warning: control reaches end of non-void function [-Wreturn-type]
 }
 ^
C:/qnx700/host/win64/x86_64/usr/bin/rm -f  C:/QNX7workspace/05ESP8266_BBB_UART_SPI/Keypad_InterruptAttachEvent/arm/o-le-v7-g/Keypad_InterruptAttachEvent_g
C:/qnx700/host/win64/x86_64/usr/bin/qcc -Vgcc_ntoarmv7 -Wl,--no-keep-memory        -o C:/QNX7workspace/05ESP8266_BBB_UART_SPI/Keypad_InterruptAttachEvent/arm/o-le-v7-g/Keypad_InterruptAttachEvent_g    Keypad_InterruptAttachEvent.o  -L. -LC:/qnx700/target/qnx7/armle-v7/lib -LC:/qnx700/target/qnx7/armle-v7/usr/lib -Wl,--rpath-link,. -Wl,--rpath-link,C:/qnx700/target/qnx7/armle-v7/lib -Wl,--rpath-link,C:/qnx700/target/qnx7/armle-v7/usr/lib       -EL      -g         
make.exe[2]: Leaving directory 'C:/QNX7workspace/05ESP8266_BBB_UART_SPI/Keypad_InterruptAttachEvent/arm/o-le-v7-g'
make.exe[1]: Leaving directory 'C:/QNX7workspace/05ESP8266_BBB_UART_SPI/Keypad_InterruptAttachEvent/arm'
