"C:\\qnx700\\host\\win64\\x86_64\\usr\\bin\\make.exe" -k CPULIST=arm all --file=C:/Users/sachs/AppData/Local/Temp/QMakefile15385521415461886773292676112623.tmp 
C:/qnx700/host/win64/x86_64/usr/bin/make.exe -j 1 -Carm -fMakefile all
make.exe[1]: Entering directory 'C:/QNX7workspace/05ESP8266_BBB_UART_SPI/Native_message_passing_Server/arm'
C:/qnx700/host/win64/x86_64/usr/bin/make.exe -j 1 -Co-le-v7 -fMakefile all 
make.exe[2]: Entering directory 'C:/QNX7workspace/05ESP8266_BBB_UART_SPI/Native_message_passing_Server/arm/o-le-v7'
C:/qnx700/host/win64/x86_64/usr/bin/qcc -Vgcc_ntoarmv7 -c -Os -Wc,-Wall          -DNDEBUG   -I. -IC:/QNX7workspace/05ESP8266_BBB_UART_SPI/Native_message_passing_Server/arm/o-le-v7 -IC:/QNX7workspace/05ESP8266_BBB_UART_SPI/Native_message_passing_Server/arm -IC:/QNX7workspace/05ESP8266_BBB_UART_SPI/Native_message_passing_Server -IC:/qnx700/target/qnx7/usr/include    -EL         -DVARIANT_le -DVARIANT_v7 -DBUILDENV_qss  C:/QNX7workspace/05ESP8266_BBB_UART_SPI/Native_message_passing_Server/Native_message_passing_Server.c 
C:/QNX7workspace/05ESP8266_BBB_UART_SPI/Native_message_passing_Server/Native_message_passing_Server.c: In function 'strobe_SCL':
C:/QNX7workspace/05ESP8266_BBB_UART_SPI/Native_message_passing_Server/Native_message_passing_Server.c:102:4: warning: implicit declaration of function 'delaySCL' [-Wimplicit-function-declaration]
    delaySCL();
    ^
C:/QNX7workspace/05ESP8266_BBB_UART_SPI/Native_message_passing_Server/Native_message_passing_Server.c: At top level:
C:/QNX7workspace/05ESP8266_BBB_UART_SPI/Native_message_passing_Server/Native_message_passing_Server.c:135:6: warning: conflicting types for 'delaySCL'
 void delaySCL()  {// Small delay used to get timing correct for BBB
      ^
C:/QNX7workspace/05ESP8266_BBB_UART_SPI/Native_message_passing_Server/Native_message_passing_Server.c:102:4: note: previous implicit declaration of 'delaySCL' was here
    delaySCL();
    ^
C:/QNX7workspace/05ESP8266_BBB_UART_SPI/Native_message_passing_Server/Native_message_passing_Server.c: In function 'delaySCL':
C:/QNX7workspace/05ESP8266_BBB_UART_SPI/Native_message_passing_Server/Native_message_passing_Server.c:136:19: warning: variable 'a' set but not used [-Wunused-but-set-variable]
   volatile int i, a;
                   ^
C:/QNX7workspace/05ESP8266_BBB_UART_SPI/Native_message_passing_Server/Native_message_passing_Server.c: In function 'DecodeKeyValue':
C:/QNX7workspace/05ESP8266_BBB_UART_SPI/Native_message_passing_Server/Native_message_passing_Server.c:166:13: warning: implicit declaration of function 'strcat' [-Wimplicit-function-declaration]
             strcat(key_press_data,"Key  1:");
             ^
C:/QNX7workspace/05ESP8266_BBB_UART_SPI/Native_message_passing_Server/Native_message_passing_Server.c:166:13: warning: incompatible implicit declaration of built-in function 'strcat'
C:/QNX7workspace/05ESP8266_BBB_UART_SPI/Native_message_passing_Server/Native_message_passing_Server.c:166:13: note: include '<string.h>' or provide a declaration of 'strcat'
C:/QNX7workspace/05ESP8266_BBB_UART_SPI/Native_message_passing_Server/Native_message_passing_Server.c:246:20: warning: format '%lu' expects argument of type 'long unsigned int', but argument 2 has type 'uint32_t {aka unsigned int}' [-Wformat=]
             printf("Key pressed could not be determined - %lu\n", word);
                    ^
C:/QNX7workspace/05ESP8266_BBB_UART_SPI/Native_message_passing_Server/Native_message_passing_Server.c: In function 'main':
C:/QNX7workspace/05ESP8266_BBB_UART_SPI/Native_message_passing_Server/Native_message_passing_Server.c:293:11: warning: passing argument 1 of 'in32s' discards 'volatile' qualifier from pointer target type [-Wdiscarded-qualifiers]
     in32s(&val, 1, control_module + P9_12_pinConfig );
           ^
In file included from C:/qnx700/target/qnx7/usr/include/hw/inout.h:37:0,
                 from C:/QNX7workspace/05ESP8266_BBB_UART_SPI/Native_message_passing_Server/Native_message_passing_Server.c:8:
C:/qnx700/target/qnx7/usr/include/arm/inout.h:106:1: note: expected 'void *' but argument is of type 'volatile uint32_t * {aka volatile unsigned int *}'
 in32s(void *__buff, unsigned __len, _Uintptrt __addr)
 ^
C:/QNX7workspace/05ESP8266_BBB_UART_SPI/Native_message_passing_Server/Native_message_passing_Server.c:308:11: warning: passing argument 1 of 'in32s' discards 'volatile' qualifier from pointer target type [-Wdiscarded-qualifiers]
     in32s(&val, 1, control_module + P9_12_pinConfig);   // Read it back
           ^
In file included from C:/qnx700/target/qnx7/usr/include/hw/inout.h:37:0,
                 from C:/QNX7workspace/05ESP8266_BBB_UART_SPI/Native_message_passing_Server/Native_message_passing_Server.c:8:
C:/qnx700/target/qnx7/usr/include/arm/inout.h:106:1: note: expected 'void *' but argument is of type 'volatile uint32_t * {aka volatile unsigned int *}'
 in32s(void *__buff, unsigned __len, _Uintptrt __addr)
 ^
C:/QNX7workspace/05ESP8266_BBB_UART_SPI/Native_message_passing_Server/Native_message_passing_Server.c:319:5: warning: implicit declaration of function 'memset' [-Wimplicit-function-declaration]
     memset(&event, 0, sizeof(event));
     ^
C:/QNX7workspace/05ESP8266_BBB_UART_SPI/Native_message_passing_Server/Native_message_passing_Server.c:319:5: warning: incompatible implicit declaration of built-in function 'memset'
C:/QNX7workspace/05ESP8266_BBB_UART_SPI/Native_message_passing_Server/Native_message_passing_Server.c:319:5: note: include '<string.h>' or provide a declaration of 'memset'
C:/QNX7workspace/05ESP8266_BBB_UART_SPI/Native_message_passing_Server/Native_message_passing_Server.c: In function 'server':
C:/QNX7workspace/05ESP8266_BBB_UART_SPI/Native_message_passing_Server/Native_message_passing_Server.c:628:18: warning: implicit declaration of function 'strcmp' [-Wimplicit-function-declaration]
             if (!strcmp(msg.data,"First response")) {
                  ^
C:/QNX7workspace/05ESP8266_BBB_UART_SPI/Native_message_passing_Server/Native_message_passing_Server.c:670:17: warning: implicit declaration of function 'strcpy' [-Wimplicit-function-declaration]
                 strcpy(replymsg.buf, key_press_data);
                 ^
C:/QNX7workspace/05ESP8266_BBB_UART_SPI/Native_message_passing_Server/Native_message_passing_Server.c:670:17: warning: incompatible implicit declaration of built-in function 'strcpy'
C:/QNX7workspace/05ESP8266_BBB_UART_SPI/Native_message_passing_Server/Native_message_passing_Server.c:670:17: note: include '<string.h>' or provide a declaration of 'strcpy'
C:/QNX7workspace/05ESP8266_BBB_UART_SPI/Native_message_passing_Server/Native_message_passing_Server.c: In function 'Flash_LED0_ex':
C:/QNX7workspace/05ESP8266_BBB_UART_SPI/Native_message_passing_Server/Native_message_passing_Server.c:132:1: warning: control reaches end of non-void function [-Wreturn-type]
 }
 ^
C:/QNX7workspace/05ESP8266_BBB_UART_SPI/Native_message_passing_Server/Native_message_passing_Server.c: In function 'server':
C:/QNX7workspace/05ESP8266_BBB_UART_SPI/Native_message_passing_Server/Native_message_passing_Server.c:713:1: warning: control reaches end of non-void function [-Wreturn-type]
 }
 ^
C:/qnx700/host/win64/x86_64/usr/bin/rm -f  C:/QNX7workspace/05ESP8266_BBB_UART_SPI/Native_message_passing_Server/arm/o-le-v7/Native_message_passing_Server
C:/qnx700/host/win64/x86_64/usr/bin/qcc -Vgcc_ntoarmv7 -Wl,--no-keep-memory        -o C:/QNX7workspace/05ESP8266_BBB_UART_SPI/Native_message_passing_Server/arm/o-le-v7/Native_message_passing_Server    Native_message_passing_Server.o  -L. -LC:/qnx700/target/qnx7/armle-v7/lib -LC:/qnx700/target/qnx7/armle-v7/usr/lib -Wl,--rpath-link,. -Wl,--rpath-link,C:/qnx700/target/qnx7/armle-v7/lib -Wl,--rpath-link,C:/qnx700/target/qnx7/armle-v7/usr/lib       -EL          
make.exe[2]: Leaving directory 'C:/QNX7workspace/05ESP8266_BBB_UART_SPI/Native_message_passing_Server/arm/o-le-v7'
C:/qnx700/host/win64/x86_64/usr/bin/make.exe -j 1 -Co-le-v7-g -fMakefile all
make.exe[2]: Entering directory 'C:/QNX7workspace/05ESP8266_BBB_UART_SPI/Native_message_passing_Server/arm/o-le-v7-g'
C:/qnx700/host/win64/x86_64/usr/bin/qcc -Vgcc_ntoarmv7 -c  -Wc,-Wall             -I. -IC:/QNX7workspace/05ESP8266_BBB_UART_SPI/Native_message_passing_Server/arm/le.v7 -IC:/QNX7workspace/05ESP8266_BBB_UART_SPI/Native_message_passing_Server/arm/o-le-v7-g -IC:/QNX7workspace/05ESP8266_BBB_UART_SPI/Native_message_passing_Server/arm -IC:/QNX7workspace/05ESP8266_BBB_UART_SPI/Native_message_passing_Server -IC:/qnx700/target/qnx7/usr/include    -EL      -g        -DVARIANT_le -DVARIANT_v7 -DVARIANT_g -DBUILDENV_qss  C:/QNX7workspace/05ESP8266_BBB_UART_SPI/Native_message_passing_Server/Native_message_passing_Server.c 
C:/QNX7workspace/05ESP8266_BBB_UART_SPI/Native_message_passing_Server/Native_message_passing_Server.c: In function 'strobe_SCL':
C:/QNX7workspace/05ESP8266_BBB_UART_SPI/Native_message_passing_Server/Native_message_passing_Server.c:102:4: warning: implicit declaration of function 'delaySCL' [-Wimplicit-function-declaration]
    delaySCL();
    ^
C:/QNX7workspace/05ESP8266_BBB_UART_SPI/Native_message_passing_Server/Native_message_passing_Server.c: At top level:
C:/QNX7workspace/05ESP8266_BBB_UART_SPI/Native_message_passing_Server/Native_message_passing_Server.c:135:6: warning: conflicting types for 'delaySCL'
 void delaySCL()  {// Small delay used to get timing correct for BBB
      ^
C:/QNX7workspace/05ESP8266_BBB_UART_SPI/Native_message_passing_Server/Native_message_passing_Server.c:102:4: note: previous implicit declaration of 'delaySCL' was here
    delaySCL();
    ^
C:/QNX7workspace/05ESP8266_BBB_UART_SPI/Native_message_passing_Server/Native_message_passing_Server.c: In function 'delaySCL':
C:/QNX7workspace/05ESP8266_BBB_UART_SPI/Native_message_passing_Server/Native_message_passing_Server.c:136:19: warning: variable 'a' set but not used [-Wunused-but-set-variable]
   volatile int i, a;
                   ^
C:/QNX7workspace/05ESP8266_BBB_UART_SPI/Native_message_passing_Server/Native_message_passing_Server.c: In function 'DecodeKeyValue':
C:/QNX7workspace/05ESP8266_BBB_UART_SPI/Native_message_passing_Server/Native_message_passing_Server.c:166:13: warning: implicit declaration of function 'strcat' [-Wimplicit-function-declaration]
             strcat(key_press_data,"Key  1:");
             ^
C:/QNX7workspace/05ESP8266_BBB_UART_SPI/Native_message_passing_Server/Native_message_passing_Server.c:166:13: warning: incompatible implicit declaration of built-in function 'strcat'
C:/QNX7workspace/05ESP8266_BBB_UART_SPI/Native_message_passing_Server/Native_message_passing_Server.c:166:13: note: include '<string.h>' or provide a declaration of 'strcat'
C:/QNX7workspace/05ESP8266_BBB_UART_SPI/Native_message_passing_Server/Native_message_passing_Server.c:246:20: warning: format '%lu' expects argument of type 'long unsigned int', but argument 2 has type 'uint32_t {aka unsigned int}' [-Wformat=]
             printf("Key pressed could not be determined - %lu\n", word);
                    ^
C:/QNX7workspace/05ESP8266_BBB_UART_SPI/Native_message_passing_Server/Native_message_passing_Server.c: In function 'main':
C:/QNX7workspace/05ESP8266_BBB_UART_SPI/Native_message_passing_Server/Native_message_passing_Server.c:293:11: warning: passing argument 1 of 'in32s' discards 'volatile' qualifier from pointer target type [-Wdiscarded-qualifiers]
     in32s(&val, 1, control_module + P9_12_pinConfig );
           ^
In file included from C:/qnx700/target/qnx7/usr/include/hw/inout.h:37:0,
                 from C:/QNX7workspace/05ESP8266_BBB_UART_SPI/Native_message_passing_Server/Native_message_passing_Server.c:8:
C:/qnx700/target/qnx7/usr/include/arm/inout.h:106:1: note: expected 'void *' but argument is of type 'volatile uint32_t * {aka volatile unsigned int *}'
 in32s(void *__buff, unsigned __len, _Uintptrt __addr)
 ^
C:/QNX7workspace/05ESP8266_BBB_UART_SPI/Native_message_passing_Server/Native_message_passing_Server.c:308:11: warning: passing argument 1 of 'in32s' discards 'volatile' qualifier from pointer target type [-Wdiscarded-qualifiers]
     in32s(&val, 1, control_module + P9_12_pinConfig);   // Read it back
           ^
In file included from C:/qnx700/target/qnx7/usr/include/hw/inout.h:37:0,
                 from C:/QNX7workspace/05ESP8266_BBB_UART_SPI/Native_message_passing_Server/Native_message_passing_Server.c:8:
C:/qnx700/target/qnx7/usr/include/arm/inout.h:106:1: note: expected 'void *' but argument is of type 'volatile uint32_t * {aka volatile unsigned int *}'
 in32s(void *__buff, unsigned __len, _Uintptrt __addr)
 ^
C:/QNX7workspace/05ESP8266_BBB_UART_SPI/Native_message_passing_Server/Native_message_passing_Server.c:319:5: warning: implicit declaration of function 'memset' [-Wimplicit-function-declaration]
     memset(&event, 0, sizeof(event));
     ^
C:/QNX7workspace/05ESP8266_BBB_UART_SPI/Native_message_passing_Server/Native_message_passing_Server.c:319:5: warning: incompatible implicit declaration of built-in function 'memset'
C:/QNX7workspace/05ESP8266_BBB_UART_SPI/Native_message_passing_Server/Native_message_passing_Server.c:319:5: note: include '<string.h>' or provide a declaration of 'memset'
C:/QNX7workspace/05ESP8266_BBB_UART_SPI/Native_message_passing_Server/Native_message_passing_Server.c: In function 'server':
C:/QNX7workspace/05ESP8266_BBB_UART_SPI/Native_message_passing_Server/Native_message_passing_Server.c:628:18: warning: implicit declaration of function 'strcmp' [-Wimplicit-function-declaration]
             if (!strcmp(msg.data,"First response")) {
                  ^
C:/QNX7workspace/05ESP8266_BBB_UART_SPI/Native_message_passing_Server/Native_message_passing_Server.c:670:17: warning: implicit declaration of function 'strcpy' [-Wimplicit-function-declaration]
                 strcpy(replymsg.buf, key_press_data);
                 ^
C:/QNX7workspace/05ESP8266_BBB_UART_SPI/Native_message_passing_Server/Native_message_passing_Server.c:670:17: warning: incompatible implicit declaration of built-in function 'strcpy'
C:/QNX7workspace/05ESP8266_BBB_UART_SPI/Native_message_passing_Server/Native_message_passing_Server.c:670:17: note: include '<string.h>' or provide a declaration of 'strcpy'
C:/QNX7workspace/05ESP8266_BBB_UART_SPI/Native_message_passing_Server/Native_message_passing_Server.c: In function 'Flash_LED0_ex':
C:/QNX7workspace/05ESP8266_BBB_UART_SPI/Native_message_passing_Server/Native_message_passing_Server.c:132:1: warning: control reaches end of non-void function [-Wreturn-type]
 }
 ^
C:/QNX7workspace/05ESP8266_BBB_UART_SPI/Native_message_passing_Server/Native_message_passing_Server.c: In function 'server':
C:/QNX7workspace/05ESP8266_BBB_UART_SPI/Native_message_passing_Server/Native_message_passing_Server.c:713:1: warning: control reaches end of non-void function [-Wreturn-type]
 }
 ^
C:/qnx700/host/win64/x86_64/usr/bin/rm -f  C:/QNX7workspace/05ESP8266_BBB_UART_SPI/Native_message_passing_Server/arm/o-le-v7-g/Native_message_passing_Server_g
C:/qnx700/host/win64/x86_64/usr/bin/qcc -Vgcc_ntoarmv7 -Wl,--no-keep-memory        -o C:/QNX7workspace/05ESP8266_BBB_UART_SPI/Native_message_passing_Server/arm/o-le-v7-g/Native_message_passing_Server_g    Native_message_passing_Server.o  -L. -LC:/qnx700/target/qnx7/armle-v7/lib -LC:/qnx700/target/qnx7/armle-v7/usr/lib -Wl,--rpath-link,. -Wl,--rpath-link,C:/qnx700/target/qnx7/armle-v7/lib -Wl,--rpath-link,C:/qnx700/target/qnx7/armle-v7/usr/lib       -EL      -g         
make.exe[2]: Leaving directory 'C:/QNX7workspace/05ESP8266_BBB_UART_SPI/Native_message_passing_Server/arm/o-le-v7-g'
make.exe[1]: Leaving directory 'C:/QNX7workspace/05ESP8266_BBB_UART_SPI/Native_message_passing_Server/arm'
